ERROR - 2023-12-04 00:50:05 --> mysqli_sql_exception: Column 'title' cannot be null in D:\laragon\www\document-tracking\system\Database\MySQLi\Connection.php:306
Stack trace:
#0 D:\laragon\www\document-tracking\system\Database\MySQLi\Connection.php(306): mysqli->query('INSERT INTO `do...', 0)
#1 D:\laragon\www\document-tracking\system\Database\BaseConnection.php(692): CodeIgniter\Database\MySQLi\Connection->execute('INSERT INTO `do...')
#2 D:\laragon\www\document-tracking\system\Database\BaseConnection.php(606): CodeIgniter\Database\BaseConnection->simpleQuery('INSERT INTO `do...')
#3 D:\laragon\www\document-tracking\system\Database\BaseBuilder.php(2308): CodeIgniter\Database\BaseConnection->query('INSERT INTO `do...', Array, false)
#4 D:\laragon\www\document-tracking\system\Model.php(319): CodeIgniter\Database\BaseBuilder->insert()
#5 D:\laragon\www\document-tracking\system\BaseModel.php(788): CodeIgniter\Model->doInsert(Array)
#6 D:\laragon\www\document-tracking\system\Model.php(715): CodeIgniter\BaseModel->insert(Array, true)
#7 D:\laragon\www\document-tracking\app\Controllers\DocuController.php(55): CodeIgniter\Model->insert(Array)
#8 D:\laragon\www\document-tracking\system\CodeIgniter.php(919): App\Controllers\DocuController->saveDocument()
#9 D:\laragon\www\document-tracking\system\CodeIgniter.php(494): CodeIgniter\CodeIgniter->runController(Object(App\Controllers\DocuController))
#10 D:\laragon\www\document-tracking\system\CodeIgniter.php(353): CodeIgniter\CodeIgniter->handleRequest(NULL, Object(Config\Cache), false)
#11 D:\laragon\www\document-tracking\public\index.php(87): CodeIgniter\CodeIgniter->run()
#12 {main}
CRITICAL - 2023-12-04 00:50:05 --> Column 'title' cannot be null
in SYSTEMPATH\Database\BaseConnection.php on line 646.
 1 SYSTEMPATH\Database\BaseBuilder.php(2308): CodeIgniter\Database\BaseConnection->query('INSERT INTO `documents` (`title`, `purpose`, `location`, `received_from`, `date_received`, `required_action`, `status`) VALUES (:title:, :purpose:, :location:, :received_from:, :date_received:, :required_action:, :status:)', [...], false)
 2 SYSTEMPATH\Model.php(319): CodeIgniter\Database\BaseBuilder->insert()
 3 SYSTEMPATH\BaseModel.php(788): CodeIgniter\Model->doInsert([...])
 4 SYSTEMPATH\Model.php(715): CodeIgniter\BaseModel->insert([...], true)
 5 APPPATH\Controllers\DocuController.php(55): CodeIgniter\Model->insert([...])
 6 SYSTEMPATH\CodeIgniter.php(919): App\Controllers\DocuController->saveDocument()
 7 SYSTEMPATH\CodeIgniter.php(494): CodeIgniter\CodeIgniter->runController(Object(App\Controllers\DocuController))
 8 SYSTEMPATH\CodeIgniter.php(353): CodeIgniter\CodeIgniter->handleRequest(null, Object(Config\Cache), false)
 9 FCPATH\index.php(87): CodeIgniter\CodeIgniter->run()
ERROR - 2023-12-04 01:01:09 --> mysqli_sql_exception: Column 'title' cannot be null in D:\laragon\www\document-tracking\system\Database\MySQLi\Connection.php:306
Stack trace:
#0 D:\laragon\www\document-tracking\system\Database\MySQLi\Connection.php(306): mysqli->query('INSERT INTO `do...', 0)
#1 D:\laragon\www\document-tracking\system\Database\BaseConnection.php(692): CodeIgniter\Database\MySQLi\Connection->execute('INSERT INTO `do...')
#2 D:\laragon\www\document-tracking\system\Database\BaseConnection.php(606): CodeIgniter\Database\BaseConnection->simpleQuery('INSERT INTO `do...')
#3 D:\laragon\www\document-tracking\system\Database\BaseBuilder.php(2308): CodeIgniter\Database\BaseConnection->query('INSERT INTO `do...', Array, false)
#4 D:\laragon\www\document-tracking\system\Model.php(319): CodeIgniter\Database\BaseBuilder->insert()
#5 D:\laragon\www\document-tracking\system\BaseModel.php(788): CodeIgniter\Model->doInsert(Array)
#6 D:\laragon\www\document-tracking\system\Model.php(715): CodeIgniter\BaseModel->insert(Array, true)
#7 D:\laragon\www\document-tracking\app\Controllers\DocuController.php(55): CodeIgniter\Model->insert(Array)
#8 D:\laragon\www\document-tracking\system\CodeIgniter.php(919): App\Controllers\DocuController->saveDocument()
#9 D:\laragon\www\document-tracking\system\CodeIgniter.php(494): CodeIgniter\CodeIgniter->runController(Object(App\Controllers\DocuController))
#10 D:\laragon\www\document-tracking\system\CodeIgniter.php(353): CodeIgniter\CodeIgniter->handleRequest(NULL, Object(Config\Cache), false)
#11 D:\laragon\www\document-tracking\public\index.php(87): CodeIgniter\CodeIgniter->run()
#12 {main}
CRITICAL - 2023-12-04 01:01:09 --> Column 'title' cannot be null
in SYSTEMPATH\Database\BaseConnection.php on line 646.
 1 SYSTEMPATH\Database\BaseBuilder.php(2308): CodeIgniter\Database\BaseConnection->query('INSERT INTO `documents` (`title`, `purpose`, `location`, `received_from`, `date_received`, `required_action`, `status`) VALUES (:title:, :purpose:, :location:, :received_from:, :date_received:, :required_action:, :status:)', [...], false)
 2 SYSTEMPATH\Model.php(319): CodeIgniter\Database\BaseBuilder->insert()
 3 SYSTEMPATH\BaseModel.php(788): CodeIgniter\Model->doInsert([...])
 4 SYSTEMPATH\Model.php(715): CodeIgniter\BaseModel->insert([...], true)
 5 APPPATH\Controllers\DocuController.php(55): CodeIgniter\Model->insert([...])
 6 SYSTEMPATH\CodeIgniter.php(919): App\Controllers\DocuController->saveDocument()
 7 SYSTEMPATH\CodeIgniter.php(494): CodeIgniter\CodeIgniter->runController(Object(App\Controllers\DocuController))
 8 SYSTEMPATH\CodeIgniter.php(353): CodeIgniter\CodeIgniter->handleRequest(null, Object(Config\Cache), false)
 9 FCPATH\index.php(87): CodeIgniter\CodeIgniter->run()
ERROR - 2023-12-04 01:01:11 --> mysqli_sql_exception: Column 'title' cannot be null in D:\laragon\www\document-tracking\system\Database\MySQLi\Connection.php:306
Stack trace:
#0 D:\laragon\www\document-tracking\system\Database\MySQLi\Connection.php(306): mysqli->query('INSERT INTO `do...', 0)
#1 D:\laragon\www\document-tracking\system\Database\BaseConnection.php(692): CodeIgniter\Database\MySQLi\Connection->execute('INSERT INTO `do...')
#2 D:\laragon\www\document-tracking\system\Database\BaseConnection.php(606): CodeIgniter\Database\BaseConnection->simpleQuery('INSERT INTO `do...')
#3 D:\laragon\www\document-tracking\system\Database\BaseBuilder.php(2308): CodeIgniter\Database\BaseConnection->query('INSERT INTO `do...', Array, false)
#4 D:\laragon\www\document-tracking\system\Model.php(319): CodeIgniter\Database\BaseBuilder->insert()
#5 D:\laragon\www\document-tracking\system\BaseModel.php(788): CodeIgniter\Model->doInsert(Array)
#6 D:\laragon\www\document-tracking\system\Model.php(715): CodeIgniter\BaseModel->insert(Array, true)
#7 D:\laragon\www\document-tracking\app\Controllers\DocuController.php(55): CodeIgniter\Model->insert(Array)
#8 D:\laragon\www\document-tracking\system\CodeIgniter.php(919): App\Controllers\DocuController->saveDocument()
#9 D:\laragon\www\document-tracking\system\CodeIgniter.php(494): CodeIgniter\CodeIgniter->runController(Object(App\Controllers\DocuController))
#10 D:\laragon\www\document-tracking\system\CodeIgniter.php(353): CodeIgniter\CodeIgniter->handleRequest(NULL, Object(Config\Cache), false)
#11 D:\laragon\www\document-tracking\public\index.php(87): CodeIgniter\CodeIgniter->run()
#12 {main}
CRITICAL - 2023-12-04 01:01:11 --> Column 'title' cannot be null
in SYSTEMPATH\Database\BaseConnection.php on line 646.
 1 SYSTEMPATH\Database\BaseBuilder.php(2308): CodeIgniter\Database\BaseConnection->query('INSERT INTO `documents` (`title`, `purpose`, `location`, `received_from`, `date_received`, `required_action`, `status`) VALUES (:title:, :purpose:, :location:, :received_from:, :date_received:, :required_action:, :status:)', [...], false)
 2 SYSTEMPATH\Model.php(319): CodeIgniter\Database\BaseBuilder->insert()
 3 SYSTEMPATH\BaseModel.php(788): CodeIgniter\Model->doInsert([...])
 4 SYSTEMPATH\Model.php(715): CodeIgniter\BaseModel->insert([...], true)
 5 APPPATH\Controllers\DocuController.php(55): CodeIgniter\Model->insert([...])
 6 SYSTEMPATH\CodeIgniter.php(919): App\Controllers\DocuController->saveDocument()
 7 SYSTEMPATH\CodeIgniter.php(494): CodeIgniter\CodeIgniter->runController(Object(App\Controllers\DocuController))
 8 SYSTEMPATH\CodeIgniter.php(353): CodeIgniter\CodeIgniter->handleRequest(null, Object(Config\Cache), false)
 9 FCPATH\index.php(87): CodeIgniter\CodeIgniter->run()
ERROR - 2023-12-04 01:18:48 --> mysqli_sql_exception: Column 'title' cannot be null in D:\laragon\www\document-tracking\system\Database\MySQLi\Connection.php:306
Stack trace:
#0 D:\laragon\www\document-tracking\system\Database\MySQLi\Connection.php(306): mysqli->query('INSERT INTO `do...', 0)
#1 D:\laragon\www\document-tracking\system\Database\BaseConnection.php(692): CodeIgniter\Database\MySQLi\Connection->execute('INSERT INTO `do...')
#2 D:\laragon\www\document-tracking\system\Database\BaseConnection.php(606): CodeIgniter\Database\BaseConnection->simpleQuery('INSERT INTO `do...')
#3 D:\laragon\www\document-tracking\system\Database\BaseBuilder.php(2308): CodeIgniter\Database\BaseConnection->query('INSERT INTO `do...', Array, false)
#4 D:\laragon\www\document-tracking\system\Model.php(319): CodeIgniter\Database\BaseBuilder->insert()
#5 D:\laragon\www\document-tracking\system\BaseModel.php(788): CodeIgniter\Model->doInsert(Array)
#6 D:\laragon\www\document-tracking\system\Model.php(715): CodeIgniter\BaseModel->insert(Array, true)
#7 D:\laragon\www\document-tracking\app\Controllers\DocuController.php(56): CodeIgniter\Model->insert(Array)
#8 D:\laragon\www\document-tracking\system\CodeIgniter.php(919): App\Controllers\DocuController->saveDocument()
#9 D:\laragon\www\document-tracking\system\CodeIgniter.php(494): CodeIgniter\CodeIgniter->runController(Object(App\Controllers\DocuController))
#10 D:\laragon\www\document-tracking\system\CodeIgniter.php(353): CodeIgniter\CodeIgniter->handleRequest(NULL, Object(Config\Cache), false)
#11 D:\laragon\www\document-tracking\public\index.php(87): CodeIgniter\CodeIgniter->run()
#12 {main}
CRITICAL - 2023-12-04 01:18:48 --> Column 'title' cannot be null
in SYSTEMPATH\Database\BaseConnection.php on line 646.
 1 SYSTEMPATH\Database\BaseBuilder.php(2308): CodeIgniter\Database\BaseConnection->query('INSERT INTO `documents` (`title`, `purpose`, `location`, `received_from`, `date_received`, `required_action`, `status`) VALUES (:title:, :purpose:, :location:, :received_from:, :date_received:, :required_action:, :status:)', [...], false)
 2 SYSTEMPATH\Model.php(319): CodeIgniter\Database\BaseBuilder->insert()
 3 SYSTEMPATH\BaseModel.php(788): CodeIgniter\Model->doInsert([...])
 4 SYSTEMPATH\Model.php(715): CodeIgniter\BaseModel->insert([...], true)
 5 APPPATH\Controllers\DocuController.php(56): CodeIgniter\Model->insert([...])
 6 SYSTEMPATH\CodeIgniter.php(919): App\Controllers\DocuController->saveDocument()
 7 SYSTEMPATH\CodeIgniter.php(494): CodeIgniter\CodeIgniter->runController(Object(App\Controllers\DocuController))
 8 SYSTEMPATH\CodeIgniter.php(353): CodeIgniter\CodeIgniter->handleRequest(null, Object(Config\Cache), false)
 9 FCPATH\index.php(87): CodeIgniter\CodeIgniter->run()
ERROR - 2023-12-04 01:18:56 --> mysqli_sql_exception: Column 'title' cannot be null in D:\laragon\www\document-tracking\system\Database\MySQLi\Connection.php:306
Stack trace:
#0 D:\laragon\www\document-tracking\system\Database\MySQLi\Connection.php(306): mysqli->query('INSERT INTO `do...', 0)
#1 D:\laragon\www\document-tracking\system\Database\BaseConnection.php(692): CodeIgniter\Database\MySQLi\Connection->execute('INSERT INTO `do...')
#2 D:\laragon\www\document-tracking\system\Database\BaseConnection.php(606): CodeIgniter\Database\BaseConnection->simpleQuery('INSERT INTO `do...')
#3 D:\laragon\www\document-tracking\system\Database\BaseBuilder.php(2308): CodeIgniter\Database\BaseConnection->query('INSERT INTO `do...', Array, false)
#4 D:\laragon\www\document-tracking\system\Model.php(319): CodeIgniter\Database\BaseBuilder->insert()
#5 D:\laragon\www\document-tracking\system\BaseModel.php(788): CodeIgniter\Model->doInsert(Array)
#6 D:\laragon\www\document-tracking\system\Model.php(715): CodeIgniter\BaseModel->insert(Array, true)
#7 D:\laragon\www\document-tracking\app\Controllers\DocuController.php(56): CodeIgniter\Model->insert(Array)
#8 D:\laragon\www\document-tracking\system\CodeIgniter.php(919): App\Controllers\DocuController->saveDocument()
#9 D:\laragon\www\document-tracking\system\CodeIgniter.php(494): CodeIgniter\CodeIgniter->runController(Object(App\Controllers\DocuController))
#10 D:\laragon\www\document-tracking\system\CodeIgniter.php(353): CodeIgniter\CodeIgniter->handleRequest(NULL, Object(Config\Cache), false)
#11 D:\laragon\www\document-tracking\public\index.php(87): CodeIgniter\CodeIgniter->run()
#12 {main}
CRITICAL - 2023-12-04 01:18:56 --> Column 'title' cannot be null
in SYSTEMPATH\Database\BaseConnection.php on line 646.
 1 SYSTEMPATH\Database\BaseBuilder.php(2308): CodeIgniter\Database\BaseConnection->query('INSERT INTO `documents` (`title`, `purpose`, `location`, `received_from`, `date_received`, `required_action`, `status`) VALUES (:title:, :purpose:, :location:, :received_from:, :date_received:, :required_action:, :status:)', [...], false)
 2 SYSTEMPATH\Model.php(319): CodeIgniter\Database\BaseBuilder->insert()
 3 SYSTEMPATH\BaseModel.php(788): CodeIgniter\Model->doInsert([...])
 4 SYSTEMPATH\Model.php(715): CodeIgniter\BaseModel->insert([...], true)
 5 APPPATH\Controllers\DocuController.php(56): CodeIgniter\Model->insert([...])
 6 SYSTEMPATH\CodeIgniter.php(919): App\Controllers\DocuController->saveDocument()
 7 SYSTEMPATH\CodeIgniter.php(494): CodeIgniter\CodeIgniter->runController(Object(App\Controllers\DocuController))
 8 SYSTEMPATH\CodeIgniter.php(353): CodeIgniter\CodeIgniter->handleRequest(null, Object(Config\Cache), false)
 9 FCPATH\index.php(87): CodeIgniter\CodeIgniter->run()
ERROR - 2023-12-04 01:18:57 --> mysqli_sql_exception: Column 'title' cannot be null in D:\laragon\www\document-tracking\system\Database\MySQLi\Connection.php:306
Stack trace:
#0 D:\laragon\www\document-tracking\system\Database\MySQLi\Connection.php(306): mysqli->query('INSERT INTO `do...', 0)
#1 D:\laragon\www\document-tracking\system\Database\BaseConnection.php(692): CodeIgniter\Database\MySQLi\Connection->execute('INSERT INTO `do...')
#2 D:\laragon\www\document-tracking\system\Database\BaseConnection.php(606): CodeIgniter\Database\BaseConnection->simpleQuery('INSERT INTO `do...')
#3 D:\laragon\www\document-tracking\system\Database\BaseBuilder.php(2308): CodeIgniter\Database\BaseConnection->query('INSERT INTO `do...', Array, false)
#4 D:\laragon\www\document-tracking\system\Model.php(319): CodeIgniter\Database\BaseBuilder->insert()
#5 D:\laragon\www\document-tracking\system\BaseModel.php(788): CodeIgniter\Model->doInsert(Array)
#6 D:\laragon\www\document-tracking\system\Model.php(715): CodeIgniter\BaseModel->insert(Array, true)
#7 D:\laragon\www\document-tracking\app\Controllers\DocuController.php(56): CodeIgniter\Model->insert(Array)
#8 D:\laragon\www\document-tracking\system\CodeIgniter.php(919): App\Controllers\DocuController->saveDocument()
#9 D:\laragon\www\document-tracking\system\CodeIgniter.php(494): CodeIgniter\CodeIgniter->runController(Object(App\Controllers\DocuController))
#10 D:\laragon\www\document-tracking\system\CodeIgniter.php(353): CodeIgniter\CodeIgniter->handleRequest(NULL, Object(Config\Cache), false)
#11 D:\laragon\www\document-tracking\public\index.php(87): CodeIgniter\CodeIgniter->run()
#12 {main}
CRITICAL - 2023-12-04 01:18:57 --> Column 'title' cannot be null
in SYSTEMPATH\Database\BaseConnection.php on line 646.
 1 SYSTEMPATH\Database\BaseBuilder.php(2308): CodeIgniter\Database\BaseConnection->query('INSERT INTO `documents` (`title`, `purpose`, `location`, `received_from`, `date_received`, `required_action`, `status`) VALUES (:title:, :purpose:, :location:, :received_from:, :date_received:, :required_action:, :status:)', [...], false)
 2 SYSTEMPATH\Model.php(319): CodeIgniter\Database\BaseBuilder->insert()
 3 SYSTEMPATH\BaseModel.php(788): CodeIgniter\Model->doInsert([...])
 4 SYSTEMPATH\Model.php(715): CodeIgniter\BaseModel->insert([...], true)
 5 APPPATH\Controllers\DocuController.php(56): CodeIgniter\Model->insert([...])
 6 SYSTEMPATH\CodeIgniter.php(919): App\Controllers\DocuController->saveDocument()
 7 SYSTEMPATH\CodeIgniter.php(494): CodeIgniter\CodeIgniter->runController(Object(App\Controllers\DocuController))
 8 SYSTEMPATH\CodeIgniter.php(353): CodeIgniter\CodeIgniter->handleRequest(null, Object(Config\Cache), false)
 9 FCPATH\index.php(87): CodeIgniter\CodeIgniter->run()
ERROR - 2023-12-04 01:18:57 --> mysqli_sql_exception: Column 'title' cannot be null in D:\laragon\www\document-tracking\system\Database\MySQLi\Connection.php:306
Stack trace:
#0 D:\laragon\www\document-tracking\system\Database\MySQLi\Connection.php(306): mysqli->query('INSERT INTO `do...', 0)
#1 D:\laragon\www\document-tracking\system\Database\BaseConnection.php(692): CodeIgniter\Database\MySQLi\Connection->execute('INSERT INTO `do...')
#2 D:\laragon\www\document-tracking\system\Database\BaseConnection.php(606): CodeIgniter\Database\BaseConnection->simpleQuery('INSERT INTO `do...')
#3 D:\laragon\www\document-tracking\system\Database\BaseBuilder.php(2308): CodeIgniter\Database\BaseConnection->query('INSERT INTO `do...', Array, false)
#4 D:\laragon\www\document-tracking\system\Model.php(319): CodeIgniter\Database\BaseBuilder->insert()
#5 D:\laragon\www\document-tracking\system\BaseModel.php(788): CodeIgniter\Model->doInsert(Array)
#6 D:\laragon\www\document-tracking\system\Model.php(715): CodeIgniter\BaseModel->insert(Array, true)
#7 D:\laragon\www\document-tracking\app\Controllers\DocuController.php(56): CodeIgniter\Model->insert(Array)
#8 D:\laragon\www\document-tracking\system\CodeIgniter.php(919): App\Controllers\DocuController->saveDocument()
#9 D:\laragon\www\document-tracking\system\CodeIgniter.php(494): CodeIgniter\CodeIgniter->runController(Object(App\Controllers\DocuController))
#10 D:\laragon\www\document-tracking\system\CodeIgniter.php(353): CodeIgniter\CodeIgniter->handleRequest(NULL, Object(Config\Cache), false)
#11 D:\laragon\www\document-tracking\public\index.php(87): CodeIgniter\CodeIgniter->run()
#12 {main}
CRITICAL - 2023-12-04 01:18:57 --> Column 'title' cannot be null
in SYSTEMPATH\Database\BaseConnection.php on line 646.
 1 SYSTEMPATH\Database\BaseBuilder.php(2308): CodeIgniter\Database\BaseConnection->query('INSERT INTO `documents` (`title`, `purpose`, `location`, `received_from`, `date_received`, `required_action`, `status`) VALUES (:title:, :purpose:, :location:, :received_from:, :date_received:, :required_action:, :status:)', [...], false)
 2 SYSTEMPATH\Model.php(319): CodeIgniter\Database\BaseBuilder->insert()
 3 SYSTEMPATH\BaseModel.php(788): CodeIgniter\Model->doInsert([...])
 4 SYSTEMPATH\Model.php(715): CodeIgniter\BaseModel->insert([...], true)
 5 APPPATH\Controllers\DocuController.php(56): CodeIgniter\Model->insert([...])
 6 SYSTEMPATH\CodeIgniter.php(919): App\Controllers\DocuController->saveDocument()
 7 SYSTEMPATH\CodeIgniter.php(494): CodeIgniter\CodeIgniter->runController(Object(App\Controllers\DocuController))
 8 SYSTEMPATH\CodeIgniter.php(353): CodeIgniter\CodeIgniter->handleRequest(null, Object(Config\Cache), false)
 9 FCPATH\index.php(87): CodeIgniter\CodeIgniter->run()
ERROR - 2023-12-04 01:18:57 --> mysqli_sql_exception: Column 'title' cannot be null in D:\laragon\www\document-tracking\system\Database\MySQLi\Connection.php:306
Stack trace:
#0 D:\laragon\www\document-tracking\system\Database\MySQLi\Connection.php(306): mysqli->query('INSERT INTO `do...', 0)
#1 D:\laragon\www\document-tracking\system\Database\BaseConnection.php(692): CodeIgniter\Database\MySQLi\Connection->execute('INSERT INTO `do...')
#2 D:\laragon\www\document-tracking\system\Database\BaseConnection.php(606): CodeIgniter\Database\BaseConnection->simpleQuery('INSERT INTO `do...')
#3 D:\laragon\www\document-tracking\system\Database\BaseBuilder.php(2308): CodeIgniter\Database\BaseConnection->query('INSERT INTO `do...', Array, false)
#4 D:\laragon\www\document-tracking\system\Model.php(319): CodeIgniter\Database\BaseBuilder->insert()
#5 D:\laragon\www\document-tracking\system\BaseModel.php(788): CodeIgniter\Model->doInsert(Array)
#6 D:\laragon\www\document-tracking\system\Model.php(715): CodeIgniter\BaseModel->insert(Array, true)
#7 D:\laragon\www\document-tracking\app\Controllers\DocuController.php(56): CodeIgniter\Model->insert(Array)
#8 D:\laragon\www\document-tracking\system\CodeIgniter.php(919): App\Controllers\DocuController->saveDocument()
#9 D:\laragon\www\document-tracking\system\CodeIgniter.php(494): CodeIgniter\CodeIgniter->runController(Object(App\Controllers\DocuController))
#10 D:\laragon\www\document-tracking\system\CodeIgniter.php(353): CodeIgniter\CodeIgniter->handleRequest(NULL, Object(Config\Cache), false)
#11 D:\laragon\www\document-tracking\public\index.php(87): CodeIgniter\CodeIgniter->run()
#12 {main}
CRITICAL - 2023-12-04 01:18:57 --> Column 'title' cannot be null
in SYSTEMPATH\Database\BaseConnection.php on line 646.
 1 SYSTEMPATH\Database\BaseBuilder.php(2308): CodeIgniter\Database\BaseConnection->query('INSERT INTO `documents` (`title`, `purpose`, `location`, `received_from`, `date_received`, `required_action`, `status`) VALUES (:title:, :purpose:, :location:, :received_from:, :date_received:, :required_action:, :status:)', [...], false)
 2 SYSTEMPATH\Model.php(319): CodeIgniter\Database\BaseBuilder->insert()
 3 SYSTEMPATH\BaseModel.php(788): CodeIgniter\Model->doInsert([...])
 4 SYSTEMPATH\Model.php(715): CodeIgniter\BaseModel->insert([...], true)
 5 APPPATH\Controllers\DocuController.php(56): CodeIgniter\Model->insert([...])
 6 SYSTEMPATH\CodeIgniter.php(919): App\Controllers\DocuController->saveDocument()
 7 SYSTEMPATH\CodeIgniter.php(494): CodeIgniter\CodeIgniter->runController(Object(App\Controllers\DocuController))
 8 SYSTEMPATH\CodeIgniter.php(353): CodeIgniter\CodeIgniter->handleRequest(null, Object(Config\Cache), false)
 9 FCPATH\index.php(87): CodeIgniter\CodeIgniter->run()
ERROR - 2023-12-04 01:18:57 --> mysqli_sql_exception: Column 'title' cannot be null in D:\laragon\www\document-tracking\system\Database\MySQLi\Connection.php:306
Stack trace:
#0 D:\laragon\www\document-tracking\system\Database\MySQLi\Connection.php(306): mysqli->query('INSERT INTO `do...', 0)
#1 D:\laragon\www\document-tracking\system\Database\BaseConnection.php(692): CodeIgniter\Database\MySQLi\Connection->execute('INSERT INTO `do...')
#2 D:\laragon\www\document-tracking\system\Database\BaseConnection.php(606): CodeIgniter\Database\BaseConnection->simpleQuery('INSERT INTO `do...')
#3 D:\laragon\www\document-tracking\system\Database\BaseBuilder.php(2308): CodeIgniter\Database\BaseConnection->query('INSERT INTO `do...', Array, false)
#4 D:\laragon\www\document-tracking\system\Model.php(319): CodeIgniter\Database\BaseBuilder->insert()
#5 D:\laragon\www\document-tracking\system\BaseModel.php(788): CodeIgniter\Model->doInsert(Array)
#6 D:\laragon\www\document-tracking\system\Model.php(715): CodeIgniter\BaseModel->insert(Array, true)
#7 D:\laragon\www\document-tracking\app\Controllers\DocuController.php(56): CodeIgniter\Model->insert(Array)
#8 D:\laragon\www\document-tracking\system\CodeIgniter.php(919): App\Controllers\DocuController->saveDocument()
#9 D:\laragon\www\document-tracking\system\CodeIgniter.php(494): CodeIgniter\CodeIgniter->runController(Object(App\Controllers\DocuController))
#10 D:\laragon\www\document-tracking\system\CodeIgniter.php(353): CodeIgniter\CodeIgniter->handleRequest(NULL, Object(Config\Cache), false)
#11 D:\laragon\www\document-tracking\public\index.php(87): CodeIgniter\CodeIgniter->run()
#12 {main}
CRITICAL - 2023-12-04 01:18:57 --> Column 'title' cannot be null
in SYSTEMPATH\Database\BaseConnection.php on line 646.
 1 SYSTEMPATH\Database\BaseBuilder.php(2308): CodeIgniter\Database\BaseConnection->query('INSERT INTO `documents` (`title`, `purpose`, `location`, `received_from`, `date_received`, `required_action`, `status`) VALUES (:title:, :purpose:, :location:, :received_from:, :date_received:, :required_action:, :status:)', [...], false)
 2 SYSTEMPATH\Model.php(319): CodeIgniter\Database\BaseBuilder->insert()
 3 SYSTEMPATH\BaseModel.php(788): CodeIgniter\Model->doInsert([...])
 4 SYSTEMPATH\Model.php(715): CodeIgniter\BaseModel->insert([...], true)
 5 APPPATH\Controllers\DocuController.php(56): CodeIgniter\Model->insert([...])
 6 SYSTEMPATH\CodeIgniter.php(919): App\Controllers\DocuController->saveDocument()
 7 SYSTEMPATH\CodeIgniter.php(494): CodeIgniter\CodeIgniter->runController(Object(App\Controllers\DocuController))
 8 SYSTEMPATH\CodeIgniter.php(353): CodeIgniter\CodeIgniter->handleRequest(null, Object(Config\Cache), false)
 9 FCPATH\index.php(87): CodeIgniter\CodeIgniter->run()
ERROR - 2023-12-04 01:25:27 --> mysqli_sql_exception: Column 'title' cannot be null in D:\laragon\www\document-tracking\system\Database\MySQLi\Connection.php:306
Stack trace:
#0 D:\laragon\www\document-tracking\system\Database\MySQLi\Connection.php(306): mysqli->query('INSERT INTO `do...', 0)
#1 D:\laragon\www\document-tracking\system\Database\BaseConnection.php(692): CodeIgniter\Database\MySQLi\Connection->execute('INSERT INTO `do...')
#2 D:\laragon\www\document-tracking\system\Database\BaseConnection.php(606): CodeIgniter\Database\BaseConnection->simpleQuery('INSERT INTO `do...')
#3 D:\laragon\www\document-tracking\system\Database\BaseBuilder.php(2308): CodeIgniter\Database\BaseConnection->query('INSERT INTO `do...', Array, false)
#4 D:\laragon\www\document-tracking\system\Model.php(319): CodeIgniter\Database\BaseBuilder->insert()
#5 D:\laragon\www\document-tracking\system\BaseModel.php(788): CodeIgniter\Model->doInsert(Array)
#6 D:\laragon\www\document-tracking\system\Model.php(715): CodeIgniter\BaseModel->insert(Array, true)
#7 D:\laragon\www\document-tracking\app\Controllers\DocuController.php(56): CodeIgniter\Model->insert(Array)
#8 D:\laragon\www\document-tracking\system\CodeIgniter.php(919): App\Controllers\DocuController->saveDocument()
#9 D:\laragon\www\document-tracking\system\CodeIgniter.php(494): CodeIgniter\CodeIgniter->runController(Object(App\Controllers\DocuController))
#10 D:\laragon\www\document-tracking\system\CodeIgniter.php(353): CodeIgniter\CodeIgniter->handleRequest(NULL, Object(Config\Cache), false)
#11 D:\laragon\www\document-tracking\public\index.php(87): CodeIgniter\CodeIgniter->run()
#12 D:\laragon\www\document-tracking\system\Commands\Server\rewrite.php(47): require_once('D:\\laragon\\www\\...')
#13 {main}
CRITICAL - 2023-12-04 01:25:27 --> Column 'title' cannot be null
in SYSTEMPATH\Database\BaseConnection.php on line 646.
 1 SYSTEMPATH\Database\BaseBuilder.php(2308): CodeIgniter\Database\BaseConnection->query('INSERT INTO `documents` (`title`, `purpose`, `location`, `received_from`, `date_received`, `required_action`, `status`) VALUES (:title:, :purpose:, :location:, :received_from:, :date_received:, :required_action:, :status:)', [...], false)
 2 SYSTEMPATH\Model.php(319): CodeIgniter\Database\BaseBuilder->insert()
 3 SYSTEMPATH\BaseModel.php(788): CodeIgniter\Model->doInsert([...])
 4 SYSTEMPATH\Model.php(715): CodeIgniter\BaseModel->insert([...], true)
 5 APPPATH\Controllers\DocuController.php(56): CodeIgniter\Model->insert([...])
 6 SYSTEMPATH\CodeIgniter.php(919): App\Controllers\DocuController->saveDocument()
 7 SYSTEMPATH\CodeIgniter.php(494): CodeIgniter\CodeIgniter->runController(Object(App\Controllers\DocuController))
 8 SYSTEMPATH\CodeIgniter.php(353): CodeIgniter\CodeIgniter->handleRequest(null, Object(Config\Cache), false)
 9 FCPATH\index.php(87): CodeIgniter\CodeIgniter->run()
10 SYSTEMPATH\Commands\Server\rewrite.php(47): require_once('D:\\laragon\\www\\document-tracking\\public\\index.php')
ERROR - 2023-12-04 01:25:32 --> mysqli_sql_exception: Column 'title' cannot be null in D:\laragon\www\document-tracking\system\Database\MySQLi\Connection.php:306
Stack trace:
#0 D:\laragon\www\document-tracking\system\Database\MySQLi\Connection.php(306): mysqli->query('INSERT INTO `do...', 0)
#1 D:\laragon\www\document-tracking\system\Database\BaseConnection.php(692): CodeIgniter\Database\MySQLi\Connection->execute('INSERT INTO `do...')
#2 D:\laragon\www\document-tracking\system\Database\BaseConnection.php(606): CodeIgniter\Database\BaseConnection->simpleQuery('INSERT INTO `do...')
#3 D:\laragon\www\document-tracking\system\Database\BaseBuilder.php(2308): CodeIgniter\Database\BaseConnection->query('INSERT INTO `do...', Array, false)
#4 D:\laragon\www\document-tracking\system\Model.php(319): CodeIgniter\Database\BaseBuilder->insert()
#5 D:\laragon\www\document-tracking\system\BaseModel.php(788): CodeIgniter\Model->doInsert(Array)
#6 D:\laragon\www\document-tracking\system\Model.php(715): CodeIgniter\BaseModel->insert(Array, true)
#7 D:\laragon\www\document-tracking\app\Controllers\DocuController.php(56): CodeIgniter\Model->insert(Array)
#8 D:\laragon\www\document-tracking\system\CodeIgniter.php(919): App\Controllers\DocuController->saveDocument()
#9 D:\laragon\www\document-tracking\system\CodeIgniter.php(494): CodeIgniter\CodeIgniter->runController(Object(App\Controllers\DocuController))
#10 D:\laragon\www\document-tracking\system\CodeIgniter.php(353): CodeIgniter\CodeIgniter->handleRequest(NULL, Object(Config\Cache), false)
#11 D:\laragon\www\document-tracking\public\index.php(87): CodeIgniter\CodeIgniter->run()
#12 D:\laragon\www\document-tracking\system\Commands\Server\rewrite.php(47): require_once('D:\\laragon\\www\\...')
#13 {main}
CRITICAL - 2023-12-04 01:25:32 --> Column 'title' cannot be null
in SYSTEMPATH\Database\BaseConnection.php on line 646.
 1 SYSTEMPATH\Database\BaseBuilder.php(2308): CodeIgniter\Database\BaseConnection->query('INSERT INTO `documents` (`title`, `purpose`, `location`, `received_from`, `date_received`, `required_action`, `status`) VALUES (:title:, :purpose:, :location:, :received_from:, :date_received:, :required_action:, :status:)', [...], false)
 2 SYSTEMPATH\Model.php(319): CodeIgniter\Database\BaseBuilder->insert()
 3 SYSTEMPATH\BaseModel.php(788): CodeIgniter\Model->doInsert([...])
 4 SYSTEMPATH\Model.php(715): CodeIgniter\BaseModel->insert([...], true)
 5 APPPATH\Controllers\DocuController.php(56): CodeIgniter\Model->insert([...])
 6 SYSTEMPATH\CodeIgniter.php(919): App\Controllers\DocuController->saveDocument()
 7 SYSTEMPATH\CodeIgniter.php(494): CodeIgniter\CodeIgniter->runController(Object(App\Controllers\DocuController))
 8 SYSTEMPATH\CodeIgniter.php(353): CodeIgniter\CodeIgniter->handleRequest(null, Object(Config\Cache), false)
 9 FCPATH\index.php(87): CodeIgniter\CodeIgniter->run()
10 SYSTEMPATH\Commands\Server\rewrite.php(47): require_once('D:\\laragon\\www\\document-tracking\\public\\index.php')
ERROR - 2023-12-04 01:25:32 --> mysqli_sql_exception: Column 'title' cannot be null in D:\laragon\www\document-tracking\system\Database\MySQLi\Connection.php:306
Stack trace:
#0 D:\laragon\www\document-tracking\system\Database\MySQLi\Connection.php(306): mysqli->query('INSERT INTO `do...', 0)
#1 D:\laragon\www\document-tracking\system\Database\BaseConnection.php(692): CodeIgniter\Database\MySQLi\Connection->execute('INSERT INTO `do...')
#2 D:\laragon\www\document-tracking\system\Database\BaseConnection.php(606): CodeIgniter\Database\BaseConnection->simpleQuery('INSERT INTO `do...')
#3 D:\laragon\www\document-tracking\system\Database\BaseBuilder.php(2308): CodeIgniter\Database\BaseConnection->query('INSERT INTO `do...', Array, false)
#4 D:\laragon\www\document-tracking\system\Model.php(319): CodeIgniter\Database\BaseBuilder->insert()
#5 D:\laragon\www\document-tracking\system\BaseModel.php(788): CodeIgniter\Model->doInsert(Array)
#6 D:\laragon\www\document-tracking\system\Model.php(715): CodeIgniter\BaseModel->insert(Array, true)
#7 D:\laragon\www\document-tracking\app\Controllers\DocuController.php(56): CodeIgniter\Model->insert(Array)
#8 D:\laragon\www\document-tracking\system\CodeIgniter.php(919): App\Controllers\DocuController->saveDocument()
#9 D:\laragon\www\document-tracking\system\CodeIgniter.php(494): CodeIgniter\CodeIgniter->runController(Object(App\Controllers\DocuController))
#10 D:\laragon\www\document-tracking\system\CodeIgniter.php(353): CodeIgniter\CodeIgniter->handleRequest(NULL, Object(Config\Cache), false)
#11 D:\laragon\www\document-tracking\public\index.php(87): CodeIgniter\CodeIgniter->run()
#12 D:\laragon\www\document-tracking\system\Commands\Server\rewrite.php(47): require_once('D:\\laragon\\www\\...')
#13 {main}
CRITICAL - 2023-12-04 01:25:32 --> Column 'title' cannot be null
in SYSTEMPATH\Database\BaseConnection.php on line 646.
 1 SYSTEMPATH\Database\BaseBuilder.php(2308): CodeIgniter\Database\BaseConnection->query('INSERT INTO `documents` (`title`, `purpose`, `location`, `received_from`, `date_received`, `required_action`, `status`) VALUES (:title:, :purpose:, :location:, :received_from:, :date_received:, :required_action:, :status:)', [...], false)
 2 SYSTEMPATH\Model.php(319): CodeIgniter\Database\BaseBuilder->insert()
 3 SYSTEMPATH\BaseModel.php(788): CodeIgniter\Model->doInsert([...])
 4 SYSTEMPATH\Model.php(715): CodeIgniter\BaseModel->insert([...], true)
 5 APPPATH\Controllers\DocuController.php(56): CodeIgniter\Model->insert([...])
 6 SYSTEMPATH\CodeIgniter.php(919): App\Controllers\DocuController->saveDocument()
 7 SYSTEMPATH\CodeIgniter.php(494): CodeIgniter\CodeIgniter->runController(Object(App\Controllers\DocuController))
 8 SYSTEMPATH\CodeIgniter.php(353): CodeIgniter\CodeIgniter->handleRequest(null, Object(Config\Cache), false)
 9 FCPATH\index.php(87): CodeIgniter\CodeIgniter->run()
10 SYSTEMPATH\Commands\Server\rewrite.php(47): require_once('D:\\laragon\\www\\document-tracking\\public\\index.php')
ERROR - 2023-12-04 01:25:33 --> mysqli_sql_exception: Column 'title' cannot be null in D:\laragon\www\document-tracking\system\Database\MySQLi\Connection.php:306
Stack trace:
#0 D:\laragon\www\document-tracking\system\Database\MySQLi\Connection.php(306): mysqli->query('INSERT INTO `do...', 0)
#1 D:\laragon\www\document-tracking\system\Database\BaseConnection.php(692): CodeIgniter\Database\MySQLi\Connection->execute('INSERT INTO `do...')
#2 D:\laragon\www\document-tracking\system\Database\BaseConnection.php(606): CodeIgniter\Database\BaseConnection->simpleQuery('INSERT INTO `do...')
#3 D:\laragon\www\document-tracking\system\Database\BaseBuilder.php(2308): CodeIgniter\Database\BaseConnection->query('INSERT INTO `do...', Array, false)
#4 D:\laragon\www\document-tracking\system\Model.php(319): CodeIgniter\Database\BaseBuilder->insert()
#5 D:\laragon\www\document-tracking\system\BaseModel.php(788): CodeIgniter\Model->doInsert(Array)
#6 D:\laragon\www\document-tracking\system\Model.php(715): CodeIgniter\BaseModel->insert(Array, true)
#7 D:\laragon\www\document-tracking\app\Controllers\DocuController.php(56): CodeIgniter\Model->insert(Array)
#8 D:\laragon\www\document-tracking\system\CodeIgniter.php(919): App\Controllers\DocuController->saveDocument()
#9 D:\laragon\www\document-tracking\system\CodeIgniter.php(494): CodeIgniter\CodeIgniter->runController(Object(App\Controllers\DocuController))
#10 D:\laragon\www\document-tracking\system\CodeIgniter.php(353): CodeIgniter\CodeIgniter->handleRequest(NULL, Object(Config\Cache), false)
#11 D:\laragon\www\document-tracking\public\index.php(87): CodeIgniter\CodeIgniter->run()
#12 D:\laragon\www\document-tracking\system\Commands\Server\rewrite.php(47): require_once('D:\\laragon\\www\\...')
#13 {main}
CRITICAL - 2023-12-04 01:25:33 --> Column 'title' cannot be null
in SYSTEMPATH\Database\BaseConnection.php on line 646.
 1 SYSTEMPATH\Database\BaseBuilder.php(2308): CodeIgniter\Database\BaseConnection->query('INSERT INTO `documents` (`title`, `purpose`, `location`, `received_from`, `date_received`, `required_action`, `status`) VALUES (:title:, :purpose:, :location:, :received_from:, :date_received:, :required_action:, :status:)', [...], false)
 2 SYSTEMPATH\Model.php(319): CodeIgniter\Database\BaseBuilder->insert()
 3 SYSTEMPATH\BaseModel.php(788): CodeIgniter\Model->doInsert([...])
 4 SYSTEMPATH\Model.php(715): CodeIgniter\BaseModel->insert([...], true)
 5 APPPATH\Controllers\DocuController.php(56): CodeIgniter\Model->insert([...])
 6 SYSTEMPATH\CodeIgniter.php(919): App\Controllers\DocuController->saveDocument()
 7 SYSTEMPATH\CodeIgniter.php(494): CodeIgniter\CodeIgniter->runController(Object(App\Controllers\DocuController))
 8 SYSTEMPATH\CodeIgniter.php(353): CodeIgniter\CodeIgniter->handleRequest(null, Object(Config\Cache), false)
 9 FCPATH\index.php(87): CodeIgniter\CodeIgniter->run()
10 SYSTEMPATH\Commands\Server\rewrite.php(47): require_once('D:\\laragon\\www\\document-tracking\\public\\index.php')
ERROR - 2023-12-04 01:25:33 --> mysqli_sql_exception: Column 'title' cannot be null in D:\laragon\www\document-tracking\system\Database\MySQLi\Connection.php:306
Stack trace:
#0 D:\laragon\www\document-tracking\system\Database\MySQLi\Connection.php(306): mysqli->query('INSERT INTO `do...', 0)
#1 D:\laragon\www\document-tracking\system\Database\BaseConnection.php(692): CodeIgniter\Database\MySQLi\Connection->execute('INSERT INTO `do...')
#2 D:\laragon\www\document-tracking\system\Database\BaseConnection.php(606): CodeIgniter\Database\BaseConnection->simpleQuery('INSERT INTO `do...')
#3 D:\laragon\www\document-tracking\system\Database\BaseBuilder.php(2308): CodeIgniter\Database\BaseConnection->query('INSERT INTO `do...', Array, false)
#4 D:\laragon\www\document-tracking\system\Model.php(319): CodeIgniter\Database\BaseBuilder->insert()
#5 D:\laragon\www\document-tracking\system\BaseModel.php(788): CodeIgniter\Model->doInsert(Array)
#6 D:\laragon\www\document-tracking\system\Model.php(715): CodeIgniter\BaseModel->insert(Array, true)
#7 D:\laragon\www\document-tracking\app\Controllers\DocuController.php(56): CodeIgniter\Model->insert(Array)
#8 D:\laragon\www\document-tracking\system\CodeIgniter.php(919): App\Controllers\DocuController->saveDocument()
#9 D:\laragon\www\document-tracking\system\CodeIgniter.php(494): CodeIgniter\CodeIgniter->runController(Object(App\Controllers\DocuController))
#10 D:\laragon\www\document-tracking\system\CodeIgniter.php(353): CodeIgniter\CodeIgniter->handleRequest(NULL, Object(Config\Cache), false)
#11 D:\laragon\www\document-tracking\public\index.php(87): CodeIgniter\CodeIgniter->run()
#12 D:\laragon\www\document-tracking\system\Commands\Server\rewrite.php(47): require_once('D:\\laragon\\www\\...')
#13 {main}
CRITICAL - 2023-12-04 01:25:33 --> Column 'title' cannot be null
in SYSTEMPATH\Database\BaseConnection.php on line 646.
 1 SYSTEMPATH\Database\BaseBuilder.php(2308): CodeIgniter\Database\BaseConnection->query('INSERT INTO `documents` (`title`, `purpose`, `location`, `received_from`, `date_received`, `required_action`, `status`) VALUES (:title:, :purpose:, :location:, :received_from:, :date_received:, :required_action:, :status:)', [...], false)
 2 SYSTEMPATH\Model.php(319): CodeIgniter\Database\BaseBuilder->insert()
 3 SYSTEMPATH\BaseModel.php(788): CodeIgniter\Model->doInsert([...])
 4 SYSTEMPATH\Model.php(715): CodeIgniter\BaseModel->insert([...], true)
 5 APPPATH\Controllers\DocuController.php(56): CodeIgniter\Model->insert([...])
 6 SYSTEMPATH\CodeIgniter.php(919): App\Controllers\DocuController->saveDocument()
 7 SYSTEMPATH\CodeIgniter.php(494): CodeIgniter\CodeIgniter->runController(Object(App\Controllers\DocuController))
 8 SYSTEMPATH\CodeIgniter.php(353): CodeIgniter\CodeIgniter->handleRequest(null, Object(Config\Cache), false)
 9 FCPATH\index.php(87): CodeIgniter\CodeIgniter->run()
10 SYSTEMPATH\Commands\Server\rewrite.php(47): require_once('D:\\laragon\\www\\document-tracking\\public\\index.php')
ERROR - 2023-12-04 01:59:26 --> mysqli_sql_exception: Column 'title' cannot be null in D:\laragon\www\document-tracking\system\Database\MySQLi\Connection.php:306
Stack trace:
#0 D:\laragon\www\document-tracking\system\Database\MySQLi\Connection.php(306): mysqli->query('INSERT INTO `do...', 0)
#1 D:\laragon\www\document-tracking\system\Database\BaseConnection.php(692): CodeIgniter\Database\MySQLi\Connection->execute('INSERT INTO `do...')
#2 D:\laragon\www\document-tracking\system\Database\BaseConnection.php(606): CodeIgniter\Database\BaseConnection->simpleQuery('INSERT INTO `do...')
#3 D:\laragon\www\document-tracking\system\Database\BaseBuilder.php(2308): CodeIgniter\Database\BaseConnection->query('INSERT INTO `do...', Array, false)
#4 D:\laragon\www\document-tracking\system\Model.php(319): CodeIgniter\Database\BaseBuilder->insert()
#5 D:\laragon\www\document-tracking\system\BaseModel.php(788): CodeIgniter\Model->doInsert(Array)
#6 D:\laragon\www\document-tracking\system\Model.php(715): CodeIgniter\BaseModel->insert(Array, true)
#7 D:\laragon\www\document-tracking\app\Controllers\DocuController.php(56): CodeIgniter\Model->insert(Array)
#8 D:\laragon\www\document-tracking\system\CodeIgniter.php(919): App\Controllers\DocuController->saveDocument()
#9 D:\laragon\www\document-tracking\system\CodeIgniter.php(494): CodeIgniter\CodeIgniter->runController(Object(App\Controllers\DocuController))
#10 D:\laragon\www\document-tracking\system\CodeIgniter.php(353): CodeIgniter\CodeIgniter->handleRequest(NULL, Object(Config\Cache), false)
#11 D:\laragon\www\document-tracking\public\index.php(87): CodeIgniter\CodeIgniter->run()
#12 D:\laragon\www\document-tracking\system\Commands\Server\rewrite.php(47): require_once('D:\\laragon\\www\\...')
#13 {main}
CRITICAL - 2023-12-04 01:59:26 --> Column 'title' cannot be null
in SYSTEMPATH\Database\BaseConnection.php on line 646.
 1 SYSTEMPATH\Database\BaseBuilder.php(2308): CodeIgniter\Database\BaseConnection->query('INSERT INTO `documents` (`title`, `purpose`, `location`, `received_from`, `date_received`, `required_action`, `status`) VALUES (:title:, :purpose:, :location:, :received_from:, :date_received:, :required_action:, :status:)', [...], false)
 2 SYSTEMPATH\Model.php(319): CodeIgniter\Database\BaseBuilder->insert()
 3 SYSTEMPATH\BaseModel.php(788): CodeIgniter\Model->doInsert([...])
 4 SYSTEMPATH\Model.php(715): CodeIgniter\BaseModel->insert([...], true)
 5 APPPATH\Controllers\DocuController.php(56): CodeIgniter\Model->insert([...])
 6 SYSTEMPATH\CodeIgniter.php(919): App\Controllers\DocuController->saveDocument()
 7 SYSTEMPATH\CodeIgniter.php(494): CodeIgniter\CodeIgniter->runController(Object(App\Controllers\DocuController))
 8 SYSTEMPATH\CodeIgniter.php(353): CodeIgniter\CodeIgniter->handleRequest(null, Object(Config\Cache), false)
 9 FCPATH\index.php(87): CodeIgniter\CodeIgniter->run()
10 SYSTEMPATH\Commands\Server\rewrite.php(47): require_once('D:\\laragon\\www\\document-tracking\\public\\index.php')
