ERROR - 2023-12-09 04:37:31 --> mysqli_sql_exception: Unknown column 'offices.office_id' in 'where clause' in D:\laragon\www\document-tracking\system\Database\MySQLi\Connection.php:306
Stack trace:
#0 D:\laragon\www\document-tracking\system\Database\MySQLi\Connection.php(306): mysqli->query('SELECT *\nFROM `...', 0)
#1 D:\laragon\www\document-tracking\system\Database\BaseConnection.php(692): CodeIgniter\Database\MySQLi\Connection->execute('SELECT *\nFROM `...')
#2 D:\laragon\www\document-tracking\system\Database\BaseConnection.php(606): CodeIgniter\Database\BaseConnection->simpleQuery('SELECT *\nFROM `...')
#3 D:\laragon\www\document-tracking\system\Database\BaseBuilder.php(1615): CodeIgniter\Database\BaseConnection->query('SELECT *\nFROM `...', Array, false)
#4 D:\laragon\www\document-tracking\system\Model.php(196): CodeIgniter\Database\BaseBuilder->get()
#5 D:\laragon\www\document-tracking\system\BaseModel.php(563): CodeIgniter\Model->doFind(true, 'City College Of...')
#6 D:\laragon\www\document-tracking\app\Controllers\DocuController.php(46): CodeIgniter\BaseModel->find('City College Of...')
#7 D:\laragon\www\document-tracking\system\CodeIgniter.php(919): App\Controllers\DocuController->insert()
#8 D:\laragon\www\document-tracking\system\CodeIgniter.php(494): CodeIgniter\CodeIgniter->runController(Object(App\Controllers\DocuController))
#9 D:\laragon\www\document-tracking\system\CodeIgniter.php(353): CodeIgniter\CodeIgniter->handleRequest(NULL, Object(Config\Cache), false)
#10 D:\laragon\www\document-tracking\public\index.php(87): CodeIgniter\CodeIgniter->run()
#11 {main}
ERROR - 2023-12-09 04:37:33 --> mysqli_sql_exception: Unknown column 'offices.office_id' in 'where clause' in D:\laragon\www\document-tracking\system\Database\MySQLi\Connection.php:306
Stack trace:
#0 D:\laragon\www\document-tracking\system\Database\MySQLi\Connection.php(306): mysqli->query('SELECT *\nFROM `...', 0)
#1 D:\laragon\www\document-tracking\system\Database\BaseConnection.php(692): CodeIgniter\Database\MySQLi\Connection->execute('SELECT *\nFROM `...')
#2 D:\laragon\www\document-tracking\system\Database\BaseConnection.php(606): CodeIgniter\Database\BaseConnection->simpleQuery('SELECT *\nFROM `...')
#3 D:\laragon\www\document-tracking\system\Database\BaseBuilder.php(1615): CodeIgniter\Database\BaseConnection->query('SELECT *\nFROM `...', Array, false)
#4 D:\laragon\www\document-tracking\system\Model.php(196): CodeIgniter\Database\BaseBuilder->get()
#5 D:\laragon\www\document-tracking\system\BaseModel.php(563): CodeIgniter\Model->doFind(true, 'City College Of...')
#6 D:\laragon\www\document-tracking\app\Controllers\DocuController.php(46): CodeIgniter\BaseModel->find('City College Of...')
#7 D:\laragon\www\document-tracking\system\CodeIgniter.php(919): App\Controllers\DocuController->insert()
#8 D:\laragon\www\document-tracking\system\CodeIgniter.php(494): CodeIgniter\CodeIgniter->runController(Object(App\Controllers\DocuController))
#9 D:\laragon\www\document-tracking\system\CodeIgniter.php(353): CodeIgniter\CodeIgniter->handleRequest(NULL, Object(Config\Cache), false)
#10 D:\laragon\www\document-tracking\public\index.php(87): CodeIgniter\CodeIgniter->run()
#11 {main}
ERROR - 2023-12-09 04:38:09 --> mysqli_sql_exception: Unknown column 'offices.office_id' in 'where clause' in D:\laragon\www\document-tracking\system\Database\MySQLi\Connection.php:306
Stack trace:
#0 D:\laragon\www\document-tracking\system\Database\MySQLi\Connection.php(306): mysqli->query('SELECT *\nFROM `...', 0)
#1 D:\laragon\www\document-tracking\system\Database\BaseConnection.php(692): CodeIgniter\Database\MySQLi\Connection->execute('SELECT *\nFROM `...')
#2 D:\laragon\www\document-tracking\system\Database\BaseConnection.php(606): CodeIgniter\Database\BaseConnection->simpleQuery('SELECT *\nFROM `...')
#3 D:\laragon\www\document-tracking\system\Database\BaseBuilder.php(1615): CodeIgniter\Database\BaseConnection->query('SELECT *\nFROM `...', Array, false)
#4 D:\laragon\www\document-tracking\system\Model.php(196): CodeIgniter\Database\BaseBuilder->get()
#5 D:\laragon\www\document-tracking\system\BaseModel.php(563): CodeIgniter\Model->doFind(true, '9')
#6 D:\laragon\www\document-tracking\app\Controllers\DocuController.php(46): CodeIgniter\BaseModel->find('9')
#7 D:\laragon\www\document-tracking\system\CodeIgniter.php(919): App\Controllers\DocuController->insert()
#8 D:\laragon\www\document-tracking\system\CodeIgniter.php(494): CodeIgniter\CodeIgniter->runController(Object(App\Controllers\DocuController))
#9 D:\laragon\www\document-tracking\system\CodeIgniter.php(353): CodeIgniter\CodeIgniter->handleRequest(NULL, Object(Config\Cache), false)
#10 D:\laragon\www\document-tracking\public\index.php(87): CodeIgniter\CodeIgniter->run()
#11 {main}
CRITICAL - 2023-12-09 06:41:12 --> Call to undefined method App\Models\DocuModel::orderBy()
in APPPATH\Controllers\DocuController.php on line 25.
 1 SYSTEMPATH\CodeIgniter.php(919): App\Controllers\DocuController->getLastTrackingNumber()
 2 SYSTEMPATH\CodeIgniter.php(494): CodeIgniter\CodeIgniter->runController(Object(App\Controllers\DocuController))
 3 SYSTEMPATH\CodeIgniter.php(353): CodeIgniter\CodeIgniter->handleRequest(null, Object(Config\Cache), false)
 4 FCPATH\index.php(87): CodeIgniter\CodeIgniter->run()
CRITICAL - 2023-12-09 06:41:15 --> Call to undefined method App\Models\DocuModel::orderBy()
in APPPATH\Controllers\DocuController.php on line 25.
 1 SYSTEMPATH\CodeIgniter.php(919): App\Controllers\DocuController->getLastTrackingNumber()
 2 SYSTEMPATH\CodeIgniter.php(494): CodeIgniter\CodeIgniter->runController(Object(App\Controllers\DocuController))
 3 SYSTEMPATH\CodeIgniter.php(353): CodeIgniter\CodeIgniter->handleRequest(null, Object(Config\Cache), false)
 4 FCPATH\index.php(87): CodeIgniter\CodeIgniter->run()
CRITICAL - 2023-12-09 06:41:15 --> Call to undefined method App\Models\DocuModel::orderBy()
in APPPATH\Controllers\DocuController.php on line 25.
 1 SYSTEMPATH\CodeIgniter.php(919): App\Controllers\DocuController->getLastTrackingNumber()
 2 SYSTEMPATH\CodeIgniter.php(494): CodeIgniter\CodeIgniter->runController(Object(App\Controllers\DocuController))
 3 SYSTEMPATH\CodeIgniter.php(353): CodeIgniter\CodeIgniter->handleRequest(null, Object(Config\Cache), false)
 4 FCPATH\index.php(87): CodeIgniter\CodeIgniter->run()
CRITICAL - 2023-12-09 06:45:56 --> Call to undefined method App\Models\DocuModel::orderBy()
in APPPATH\Controllers\DocuController.php on line 26.
 1 SYSTEMPATH\CodeIgniter.php(919): App\Controllers\DocuController->getLastTrackingNumber()
 2 SYSTEMPATH\CodeIgniter.php(494): CodeIgniter\CodeIgniter->runController(Object(App\Controllers\DocuController))
 3 SYSTEMPATH\CodeIgniter.php(353): CodeIgniter\CodeIgniter->handleRequest(null, Object(Config\Cache), false)
 4 FCPATH\index.php(87): CodeIgniter\CodeIgniter->run()
CRITICAL - 2023-12-09 06:46:24 --> Call to undefined method App\Models\DocuModel::orderBy()
in APPPATH\Controllers\DocuController.php on line 26.
 1 SYSTEMPATH\CodeIgniter.php(919): App\Controllers\DocuController->getLastTrackingNumber()
 2 SYSTEMPATH\CodeIgniter.php(494): CodeIgniter\CodeIgniter->runController(Object(App\Controllers\DocuController))
 3 SYSTEMPATH\CodeIgniter.php(353): CodeIgniter\CodeIgniter->handleRequest(null, Object(Config\Cache), false)
 4 FCPATH\index.php(87): CodeIgniter\CodeIgniter->run()
CRITICAL - 2023-12-09 06:49:21 --> Call to undefined method App\Models\DocuModel::orderBy()
in APPPATH\Controllers\DocuController.php on line 26.
 1 SYSTEMPATH\CodeIgniter.php(919): App\Controllers\DocuController->getLastTrackingNumber()
 2 SYSTEMPATH\CodeIgniter.php(494): CodeIgniter\CodeIgniter->runController(Object(App\Controllers\DocuController))
 3 SYSTEMPATH\CodeIgniter.php(353): CodeIgniter\CodeIgniter->handleRequest(null, Object(Config\Cache), false)
 4 FCPATH\index.php(87): CodeIgniter\CodeIgniter->run()
 5 SYSTEMPATH\Commands\Server\rewrite.php(47): require_once('D:\\laragon\\www\\document-tracking\\public\\index.php')
CRITICAL - 2023-12-09 06:53:40 --> Call to undefined method App\Models\DocuModel::orderBy()
in APPPATH\Controllers\DocuController.php on line 27.
 1 SYSTEMPATH\CodeIgniter.php(919): App\Controllers\DocuController->getLastTrackingNumber()
 2 SYSTEMPATH\CodeIgniter.php(494): CodeIgniter\CodeIgniter->runController(Object(App\Controllers\DocuController))
 3 SYSTEMPATH\CodeIgniter.php(353): CodeIgniter\CodeIgniter->handleRequest(null, Object(Config\Cache), false)
 4 FCPATH\index.php(87): CodeIgniter\CodeIgniter->run()
 5 SYSTEMPATH\Commands\Server\rewrite.php(47): require_once('D:\\laragon\\www\\document-tracking\\public\\index.php')
CRITICAL - 2023-12-09 06:54:03 --> Call to undefined method App\Models\DocuModel::orderBy()
in APPPATH\Controllers\DocuController.php on line 27.
 1 SYSTEMPATH\CodeIgniter.php(919): App\Controllers\DocuController->getLastTrackingNumber()
 2 SYSTEMPATH\CodeIgniter.php(494): CodeIgniter\CodeIgniter->runController(Object(App\Controllers\DocuController))
 3 SYSTEMPATH\CodeIgniter.php(353): CodeIgniter\CodeIgniter->handleRequest(null, Object(Config\Cache), false)
 4 FCPATH\index.php(87): CodeIgniter\CodeIgniter->run()
 5 SYSTEMPATH\Commands\Server\rewrite.php(47): require_once('D:\\laragon\\www\\document-tracking\\public\\index.php')
