CRITICAL - 2023-11-30 15:28:31 --> syntax error, unexpected identifier "s", expecting "function" or "const"
in APPPATH\Models\UserModel.php on line 19.
 1 SYSTEMPATH\Autoloader\Autoloader.php(285): CodeIgniter\Autoloader\Autoloader->includeFile('D:\\laragon\\www\\document-tracking\\app\\Models\\UserModel.php')
 2 SYSTEMPATH\Autoloader\Autoloader.php(263): CodeIgniter\Autoloader\Autoloader->loadInNamespace('App\\Models\\UserModel')
 3 APPPATH\Controllers\UserController.php(20): CodeIgniter\Autoloader\Autoloader->loadClass('App\\Models\\UserModel')
 4 SYSTEMPATH\CodeIgniter.php(919): App\Controllers\UserController->getData()
 5 SYSTEMPATH\CodeIgniter.php(494): CodeIgniter\CodeIgniter->runController(Object(App\Controllers\UserController))
 6 SYSTEMPATH\CodeIgniter.php(353): CodeIgniter\CodeIgniter->handleRequest(null, Object(Config\Cache), false)
 7 FCPATH\index.php(87): CodeIgniter\CodeIgniter->run()
ERROR - 2023-11-30 15:28:37 --> mysqli_sql_exception: Table 'ilearn.user' doesn't exist in D:\laragon\www\document-tracking\system\Database\MySQLi\Connection.php:306
Stack trace:
#0 D:\laragon\www\document-tracking\system\Database\MySQLi\Connection.php(306): mysqli->query('SELECT *\nFROM `...', 0)
#1 D:\laragon\www\document-tracking\system\Database\BaseConnection.php(692): CodeIgniter\Database\MySQLi\Connection->execute('SELECT *\nFROM `...')
#2 D:\laragon\www\document-tracking\system\Database\BaseConnection.php(606): CodeIgniter\Database\BaseConnection->simpleQuery('SELECT *\nFROM `...')
#3 D:\laragon\www\document-tracking\system\Database\BaseBuilder.php(1615): CodeIgniter\Database\BaseConnection->query('SELECT *\nFROM `...', Array, false)
#4 D:\laragon\www\document-tracking\system\Model.php(237): CodeIgniter\Database\BaseBuilder->get()
#5 D:\laragon\www\document-tracking\system\BaseModel.php(624): CodeIgniter\Model->doFindAll(0, 0)
#6 D:\laragon\www\document-tracking\app\Controllers\UserController.php(21): CodeIgniter\BaseModel->findAll()
#7 D:\laragon\www\document-tracking\system\CodeIgniter.php(919): App\Controllers\UserController->getData()
#8 D:\laragon\www\document-tracking\system\CodeIgniter.php(494): CodeIgniter\CodeIgniter->runController(Object(App\Controllers\UserController))
#9 D:\laragon\www\document-tracking\system\CodeIgniter.php(353): CodeIgniter\CodeIgniter->handleRequest(NULL, Object(Config\Cache), false)
#10 D:\laragon\www\document-tracking\public\index.php(87): CodeIgniter\CodeIgniter->run()
#11 {main}
CRITICAL - 2023-11-30 15:28:37 --> Table 'ilearn.user' doesn't exist
in SYSTEMPATH\Database\BaseConnection.php on line 646.
 1 SYSTEMPATH\Database\BaseBuilder.php(1615): CodeIgniter\Database\BaseConnection->query('SELECT *
FROM `user`', [], false)
 2 SYSTEMPATH\Model.php(237): CodeIgniter\Database\BaseBuilder->get()
 3 SYSTEMPATH\BaseModel.php(624): CodeIgniter\Model->doFindAll(0, 0)
 4 APPPATH\Controllers\UserController.php(21): CodeIgniter\BaseModel->findAll()
 5 SYSTEMPATH\CodeIgniter.php(919): App\Controllers\UserController->getData()
 6 SYSTEMPATH\CodeIgniter.php(494): CodeIgniter\CodeIgniter->runController(Object(App\Controllers\UserController))
 7 SYSTEMPATH\CodeIgniter.php(353): CodeIgniter\CodeIgniter->handleRequest(null, Object(Config\Cache), false)
 8 FCPATH\index.php(87): CodeIgniter\CodeIgniter->run()
ERROR - 2023-11-30 15:28:38 --> mysqli_sql_exception: Table 'ilearn.user' doesn't exist in D:\laragon\www\document-tracking\system\Database\MySQLi\Connection.php:306
Stack trace:
#0 D:\laragon\www\document-tracking\system\Database\MySQLi\Connection.php(306): mysqli->query('SELECT *\nFROM `...', 0)
#1 D:\laragon\www\document-tracking\system\Database\BaseConnection.php(692): CodeIgniter\Database\MySQLi\Connection->execute('SELECT *\nFROM `...')
#2 D:\laragon\www\document-tracking\system\Database\BaseConnection.php(606): CodeIgniter\Database\BaseConnection->simpleQuery('SELECT *\nFROM `...')
#3 D:\laragon\www\document-tracking\system\Database\BaseBuilder.php(1615): CodeIgniter\Database\BaseConnection->query('SELECT *\nFROM `...', Array, false)
#4 D:\laragon\www\document-tracking\system\Model.php(237): CodeIgniter\Database\BaseBuilder->get()
#5 D:\laragon\www\document-tracking\system\BaseModel.php(624): CodeIgniter\Model->doFindAll(0, 0)
#6 D:\laragon\www\document-tracking\app\Controllers\UserController.php(21): CodeIgniter\BaseModel->findAll()
#7 D:\laragon\www\document-tracking\system\CodeIgniter.php(919): App\Controllers\UserController->getData()
#8 D:\laragon\www\document-tracking\system\CodeIgniter.php(494): CodeIgniter\CodeIgniter->runController(Object(App\Controllers\UserController))
#9 D:\laragon\www\document-tracking\system\CodeIgniter.php(353): CodeIgniter\CodeIgniter->handleRequest(NULL, Object(Config\Cache), false)
#10 D:\laragon\www\document-tracking\public\index.php(87): CodeIgniter\CodeIgniter->run()
#11 {main}
CRITICAL - 2023-11-30 15:28:38 --> Table 'ilearn.user' doesn't exist
in SYSTEMPATH\Database\BaseConnection.php on line 646.
 1 SYSTEMPATH\Database\BaseBuilder.php(1615): CodeIgniter\Database\BaseConnection->query('SELECT *
FROM `user`', [], false)
 2 SYSTEMPATH\Model.php(237): CodeIgniter\Database\BaseBuilder->get()
 3 SYSTEMPATH\BaseModel.php(624): CodeIgniter\Model->doFindAll(0, 0)
 4 APPPATH\Controllers\UserController.php(21): CodeIgniter\BaseModel->findAll()
 5 SYSTEMPATH\CodeIgniter.php(919): App\Controllers\UserController->getData()
 6 SYSTEMPATH\CodeIgniter.php(494): CodeIgniter\CodeIgniter->runController(Object(App\Controllers\UserController))
 7 SYSTEMPATH\CodeIgniter.php(353): CodeIgniter\CodeIgniter->handleRequest(null, Object(Config\Cache), false)
 8 FCPATH\index.php(87): CodeIgniter\CodeIgniter->run()
ERROR - 2023-11-30 16:18:31 --> mysqli_sql_exception: Table 'documenttrackingsystem.users' doesn't exist in D:\laragon\www\document-tracking\system\Database\MySQLi\Connection.php:306
Stack trace:
#0 D:\laragon\www\document-tracking\system\Database\MySQLi\Connection.php(306): mysqli->query('SELECT *\nFROM `...', 0)
#1 D:\laragon\www\document-tracking\system\Database\BaseConnection.php(692): CodeIgniter\Database\MySQLi\Connection->execute('SELECT *\nFROM `...')
#2 D:\laragon\www\document-tracking\system\Database\BaseConnection.php(606): CodeIgniter\Database\BaseConnection->simpleQuery('SELECT *\nFROM `...')
#3 D:\laragon\www\document-tracking\system\Database\BaseBuilder.php(1615): CodeIgniter\Database\BaseConnection->query('SELECT *\nFROM `...', Array, false)
#4 D:\laragon\www\document-tracking\system\Model.php(237): CodeIgniter\Database\BaseBuilder->get()
#5 D:\laragon\www\document-tracking\system\BaseModel.php(624): CodeIgniter\Model->doFindAll(0, 0)
#6 D:\laragon\www\document-tracking\app\Controllers\UserController.php(21): CodeIgniter\BaseModel->findAll()
#7 D:\laragon\www\document-tracking\system\CodeIgniter.php(919): App\Controllers\UserController->getData()
#8 D:\laragon\www\document-tracking\system\CodeIgniter.php(494): CodeIgniter\CodeIgniter->runController(Object(App\Controllers\UserController))
#9 D:\laragon\www\document-tracking\system\CodeIgniter.php(353): CodeIgniter\CodeIgniter->handleRequest(NULL, Object(Config\Cache), false)
#10 D:\laragon\www\document-tracking\public\index.php(87): CodeIgniter\CodeIgniter->run()
#11 {main}
CRITICAL - 2023-11-30 16:18:31 --> Table 'documenttrackingsystem.users' doesn't exist
in SYSTEMPATH\Database\BaseConnection.php on line 646.
 1 SYSTEMPATH\Database\BaseBuilder.php(1615): CodeIgniter\Database\BaseConnection->query('SELECT *
FROM `users`', [], false)
 2 SYSTEMPATH\Model.php(237): CodeIgniter\Database\BaseBuilder->get()
 3 SYSTEMPATH\BaseModel.php(624): CodeIgniter\Model->doFindAll(0, 0)
 4 APPPATH\Controllers\UserController.php(21): CodeIgniter\BaseModel->findAll()
 5 SYSTEMPATH\CodeIgniter.php(919): App\Controllers\UserController->getData()
 6 SYSTEMPATH\CodeIgniter.php(494): CodeIgniter\CodeIgniter->runController(Object(App\Controllers\UserController))
 7 SYSTEMPATH\CodeIgniter.php(353): CodeIgniter\CodeIgniter->handleRequest(null, Object(Config\Cache), false)
 8 FCPATH\index.php(87): CodeIgniter\CodeIgniter->run()
