CRITICAL - 2023-12-11 01:03:13 --> Too few arguments to function App\Controllers\DocuController::approveDocument(), 0 passed in D:\laragon\www\document-tracking\system\CodeIgniter.php on line 919 and exactly 1 expected
in APPPATH\Controllers\DocuController.php on line 171.
 1 SYSTEMPATH\CodeIgniter.php(919): App\Controllers\DocuController->approveDocument()
 2 SYSTEMPATH\CodeIgniter.php(494): CodeIgniter\CodeIgniter->runController(Object(App\Controllers\DocuController))
 3 SYSTEMPATH\CodeIgniter.php(353): CodeIgniter\CodeIgniter->handleRequest(null, Object(Config\Cache), false)
 4 FCPATH\index.php(87): CodeIgniter\CodeIgniter->run()
CRITICAL - 2023-12-11 01:15:58 --> Too few arguments to function App\Controllers\DocuController::approveDocument(), 0 passed in D:\laragon\www\document-tracking\system\CodeIgniter.php on line 919 and exactly 1 expected
in APPPATH\Controllers\DocuController.php on line 173.
 1 SYSTEMPATH\CodeIgniter.php(919): App\Controllers\DocuController->approveDocument()
 2 SYSTEMPATH\CodeIgniter.php(494): CodeIgniter\CodeIgniter->runController(Object(App\Controllers\DocuController))
 3 SYSTEMPATH\CodeIgniter.php(353): CodeIgniter\CodeIgniter->handleRequest(null, Object(Config\Cache), false)
 4 FCPATH\index.php(87): CodeIgniter\CodeIgniter->run()
CRITICAL - 2023-12-11 01:25:38 --> Too few arguments to function App\Controllers\DocuController::approveDocument(), 0 passed in D:\laragon\www\document-tracking\system\CodeIgniter.php on line 919 and exactly 1 expected
in APPPATH\Controllers\DocuController.php on line 173.
 1 SYSTEMPATH\CodeIgniter.php(919): App\Controllers\DocuController->approveDocument()
 2 SYSTEMPATH\CodeIgniter.php(494): CodeIgniter\CodeIgniter->runController(Object(App\Controllers\DocuController))
 3 SYSTEMPATH\CodeIgniter.php(353): CodeIgniter\CodeIgniter->handleRequest(null, Object(Config\Cache), false)
 4 FCPATH\index.php(87): CodeIgniter\CodeIgniter->run()
CRITICAL - 2023-12-11 01:32:30 --> Too few arguments to function App\Controllers\DocuController::approveDocument(), 0 passed in D:\laragon\www\document-tracking\system\CodeIgniter.php on line 919 and exactly 1 expected
in APPPATH\Controllers\DocuController.php on line 173.
 1 SYSTEMPATH\CodeIgniter.php(919): App\Controllers\DocuController->approveDocument()
 2 SYSTEMPATH\CodeIgniter.php(494): CodeIgniter\CodeIgniter->runController(Object(App\Controllers\DocuController))
 3 SYSTEMPATH\CodeIgniter.php(353): CodeIgniter\CodeIgniter->handleRequest(null, Object(Config\Cache), false)
 4 FCPATH\index.php(87): CodeIgniter\CodeIgniter->run()
CRITICAL - 2023-12-11 01:38:58 --> Too few arguments to function App\Controllers\DocuController::approveDocument(), 0 passed in D:\laragon\www\document-tracking\system\CodeIgniter.php on line 919 and exactly 1 expected
in APPPATH\Controllers\DocuController.php on line 173.
 1 SYSTEMPATH\CodeIgniter.php(919): App\Controllers\DocuController->approveDocument()
 2 SYSTEMPATH\CodeIgniter.php(494): CodeIgniter\CodeIgniter->runController(Object(App\Controllers\DocuController))
 3 SYSTEMPATH\CodeIgniter.php(353): CodeIgniter\CodeIgniter->handleRequest(null, Object(Config\Cache), false)
 4 FCPATH\index.php(87): CodeIgniter\CodeIgniter->run()
CRITICAL - 2023-12-11 03:16:41 --> Class "App\Controllers\ReceivedModel" not found
in APPPATH\Controllers\DocuController.php on line 56.
 1 SYSTEMPATH\CodeIgniter.php(919): App\Controllers\DocuController->getPendingDocumentsByOfficeID('1')
 2 SYSTEMPATH\CodeIgniter.php(494): CodeIgniter\CodeIgniter->runController(Object(App\Controllers\DocuController))
 3 SYSTEMPATH\CodeIgniter.php(353): CodeIgniter\CodeIgniter->handleRequest(null, Object(Config\Cache), false)
 4 FCPATH\index.php(87): CodeIgniter\CodeIgniter->run()
CRITICAL - 2023-12-11 03:16:41 --> Class "App\Controllers\ReceivedModel" not found
in APPPATH\Controllers\DocuController.php on line 56.
 1 SYSTEMPATH\CodeIgniter.php(919): App\Controllers\DocuController->getPendingDocumentsByOfficeID('1')
 2 SYSTEMPATH\CodeIgniter.php(494): CodeIgniter\CodeIgniter->runController(Object(App\Controllers\DocuController))
 3 SYSTEMPATH\CodeIgniter.php(353): CodeIgniter\CodeIgniter->handleRequest(null, Object(Config\Cache), false)
 4 FCPATH\index.php(87): CodeIgniter\CodeIgniter->run()
CRITICAL - 2023-12-11 03:16:47 --> Class "App\Controllers\ReceivedModel" not found
in APPPATH\Controllers\DocuController.php on line 56.
 1 SYSTEMPATH\CodeIgniter.php(919): App\Controllers\DocuController->getPendingDocumentsByOfficeID('1')
 2 SYSTEMPATH\CodeIgniter.php(494): CodeIgniter\CodeIgniter->runController(Object(App\Controllers\DocuController))
 3 SYSTEMPATH\CodeIgniter.php(353): CodeIgniter\CodeIgniter->handleRequest(null, Object(Config\Cache), false)
 4 FCPATH\index.php(87): CodeIgniter\CodeIgniter->run()
CRITICAL - 2023-12-11 03:16:47 --> Class "App\Controllers\ReceivedModel" not found
in APPPATH\Controllers\DocuController.php on line 56.
 1 SYSTEMPATH\CodeIgniter.php(919): App\Controllers\DocuController->getPendingDocumentsByOfficeID('1')
 2 SYSTEMPATH\CodeIgniter.php(494): CodeIgniter\CodeIgniter->runController(Object(App\Controllers\DocuController))
 3 SYSTEMPATH\CodeIgniter.php(353): CodeIgniter\CodeIgniter->handleRequest(null, Object(Config\Cache), false)
 4 FCPATH\index.php(87): CodeIgniter\CodeIgniter->run()
CRITICAL - 2023-12-11 03:16:49 --> Class "App\Controllers\ReceivedModel" not found
in APPPATH\Controllers\DocuController.php on line 56.
 1 SYSTEMPATH\CodeIgniter.php(919): App\Controllers\DocuController->getPendingDocumentsByOfficeID('1')
 2 SYSTEMPATH\CodeIgniter.php(494): CodeIgniter\CodeIgniter->runController(Object(App\Controllers\DocuController))
 3 SYSTEMPATH\CodeIgniter.php(353): CodeIgniter\CodeIgniter->handleRequest(null, Object(Config\Cache), false)
 4 FCPATH\index.php(87): CodeIgniter\CodeIgniter->run()
CRITICAL - 2023-12-11 03:16:53 --> Class "App\Controllers\ReceivedModel" not found
in APPPATH\Controllers\DocuController.php on line 56.
 1 SYSTEMPATH\CodeIgniter.php(919): App\Controllers\DocuController->getPendingDocumentsByOfficeID('1')
 2 SYSTEMPATH\CodeIgniter.php(494): CodeIgniter\CodeIgniter->runController(Object(App\Controllers\DocuController))
 3 SYSTEMPATH\CodeIgniter.php(353): CodeIgniter\CodeIgniter->handleRequest(null, Object(Config\Cache), false)
 4 FCPATH\index.php(87): CodeIgniter\CodeIgniter->run()
CRITICAL - 2023-12-11 03:16:55 --> Class "App\Controllers\ReceivedModel" not found
in APPPATH\Controllers\DocuController.php on line 56.
 1 SYSTEMPATH\CodeIgniter.php(919): App\Controllers\DocuController->getPendingDocumentsByOfficeID('1')
 2 SYSTEMPATH\CodeIgniter.php(494): CodeIgniter\CodeIgniter->runController(Object(App\Controllers\DocuController))
 3 SYSTEMPATH\CodeIgniter.php(353): CodeIgniter\CodeIgniter->handleRequest(null, Object(Config\Cache), false)
 4 FCPATH\index.php(87): CodeIgniter\CodeIgniter->run()
CRITICAL - 2023-12-11 03:17:03 --> Class "App\Controllers\ReceivedModel" not found
in APPPATH\Controllers\DocuController.php on line 56.
 1 SYSTEMPATH\CodeIgniter.php(919): App\Controllers\DocuController->getPendingDocumentsByOfficeID('1')
 2 SYSTEMPATH\CodeIgniter.php(494): CodeIgniter\CodeIgniter->runController(Object(App\Controllers\DocuController))
 3 SYSTEMPATH\CodeIgniter.php(353): CodeIgniter\CodeIgniter->handleRequest(null, Object(Config\Cache), false)
 4 FCPATH\index.php(87): CodeIgniter\CodeIgniter->run()
CRITICAL - 2023-12-11 03:17:30 --> Class "App\Controllers\ReceivedModel" not found
in APPPATH\Controllers\DocuController.php on line 56.
 1 SYSTEMPATH\CodeIgniter.php(919): App\Controllers\DocuController->getPendingDocumentsByOfficeID('1')
 2 SYSTEMPATH\CodeIgniter.php(494): CodeIgniter\CodeIgniter->runController(Object(App\Controllers\DocuController))
 3 SYSTEMPATH\CodeIgniter.php(353): CodeIgniter\CodeIgniter->handleRequest(null, Object(Config\Cache), false)
 4 FCPATH\index.php(87): CodeIgniter\CodeIgniter->run()
CRITICAL - 2023-12-11 03:19:22 --> Class "App\Controllers\ReceivedModel" not found
in APPPATH\Controllers\DocuController.php on line 56.
 1 SYSTEMPATH\CodeIgniter.php(919): App\Controllers\DocuController->getPendingDocumentsByOfficeID('1')
 2 SYSTEMPATH\CodeIgniter.php(494): CodeIgniter\CodeIgniter->runController(Object(App\Controllers\DocuController))
 3 SYSTEMPATH\CodeIgniter.php(353): CodeIgniter\CodeIgniter->handleRequest(null, Object(Config\Cache), false)
 4 FCPATH\index.php(87): CodeIgniter\CodeIgniter->run()
CRITICAL - 2023-12-11 03:19:22 --> Class "App\Controllers\ReceivedModel" not found
in APPPATH\Controllers\DocuController.php on line 56.
 1 SYSTEMPATH\CodeIgniter.php(919): App\Controllers\DocuController->getPendingDocumentsByOfficeID('1')
 2 SYSTEMPATH\CodeIgniter.php(494): CodeIgniter\CodeIgniter->runController(Object(App\Controllers\DocuController))
 3 SYSTEMPATH\CodeIgniter.php(353): CodeIgniter\CodeIgniter->handleRequest(null, Object(Config\Cache), false)
 4 FCPATH\index.php(87): CodeIgniter\CodeIgniter->run()
CRITICAL - 2023-12-11 03:22:37 --> Class "App\Controllers\ReceivedModel" not found
in APPPATH\Controllers\DocuController.php on line 56.
 1 SYSTEMPATH\CodeIgniter.php(919): App\Controllers\DocuController->getPendingDocumentsByOfficeID('1')
 2 SYSTEMPATH\CodeIgniter.php(494): CodeIgniter\CodeIgniter->runController(Object(App\Controllers\DocuController))
 3 SYSTEMPATH\CodeIgniter.php(353): CodeIgniter\CodeIgniter->handleRequest(null, Object(Config\Cache), false)
 4 FCPATH\index.php(87): CodeIgniter\CodeIgniter->run()
CRITICAL - 2023-12-11 03:22:46 --> Class "App\Controllers\ReceivedModel" not found
in APPPATH\Controllers\DocuController.php on line 56.
 1 SYSTEMPATH\CodeIgniter.php(919): App\Controllers\DocuController->getPendingDocumentsByOfficeID('1')
 2 SYSTEMPATH\CodeIgniter.php(494): CodeIgniter\CodeIgniter->runController(Object(App\Controllers\DocuController))
 3 SYSTEMPATH\CodeIgniter.php(353): CodeIgniter\CodeIgniter->handleRequest(null, Object(Config\Cache), false)
 4 FCPATH\index.php(87): CodeIgniter\CodeIgniter->run()
CRITICAL - 2023-12-11 03:22:53 --> Class "App\Controllers\ReceivedModel" not found
in APPPATH\Controllers\DocuController.php on line 56.
 1 SYSTEMPATH\CodeIgniter.php(919): App\Controllers\DocuController->getPendingDocumentsByOfficeID('1')
 2 SYSTEMPATH\CodeIgniter.php(494): CodeIgniter\CodeIgniter->runController(Object(App\Controllers\DocuController))
 3 SYSTEMPATH\CodeIgniter.php(353): CodeIgniter\CodeIgniter->handleRequest(null, Object(Config\Cache), false)
 4 FCPATH\index.php(87): CodeIgniter\CodeIgniter->run()
CRITICAL - 2023-12-11 03:23:21 --> Class "App\Controllers\ReceivedModel" not found
in APPPATH\Controllers\DocuController.php on line 56.
 1 SYSTEMPATH\CodeIgniter.php(919): App\Controllers\DocuController->getPendingDocumentsByOfficeID('1')
 2 SYSTEMPATH\CodeIgniter.php(494): CodeIgniter\CodeIgniter->runController(Object(App\Controllers\DocuController))
 3 SYSTEMPATH\CodeIgniter.php(353): CodeIgniter\CodeIgniter->handleRequest(null, Object(Config\Cache), false)
 4 FCPATH\index.php(87): CodeIgniter\CodeIgniter->run()
CRITICAL - 2023-12-11 03:27:06 --> Call to undefined method App\Models\ReceivedModel::getPendingDocumentsByOfficeID
in SYSTEMPATH\Model.php on line 873.
 1 APPPATH\Controllers\DocuController.php(58): CodeIgniter\Model->__call('getPendingDocumentsByOfficeID', [...])
 2 SYSTEMPATH\CodeIgniter.php(919): App\Controllers\DocuController->getPendingDocumentsByOfficeID('1')
 3 SYSTEMPATH\CodeIgniter.php(494): CodeIgniter\CodeIgniter->runController(Object(App\Controllers\DocuController))
 4 SYSTEMPATH\CodeIgniter.php(353): CodeIgniter\CodeIgniter->handleRequest(null, Object(Config\Cache), false)
 5 FCPATH\index.php(87): CodeIgniter\CodeIgniter->run()
CRITICAL - 2023-12-11 03:27:50 --> Call to undefined method App\Models\ReceivedModel::getPendingDocumentsByOfficeID
in SYSTEMPATH\Model.php on line 873.
 1 APPPATH\Controllers\DocuController.php(58): CodeIgniter\Model->__call('getPendingDocumentsByOfficeID', [...])
 2 SYSTEMPATH\CodeIgniter.php(919): App\Controllers\DocuController->getPendingDocumentsByOfficeID('1')
 3 SYSTEMPATH\CodeIgniter.php(494): CodeIgniter\CodeIgniter->runController(Object(App\Controllers\DocuController))
 4 SYSTEMPATH\CodeIgniter.php(353): CodeIgniter\CodeIgniter->handleRequest(null, Object(Config\Cache), false)
 5 FCPATH\index.php(87): CodeIgniter\CodeIgniter->run()
CRITICAL - 2023-12-11 03:27:53 --> Call to undefined method App\Models\ReceivedModel::getPendingDocumentsByOfficeID
in SYSTEMPATH\Model.php on line 873.
 1 APPPATH\Controllers\DocuController.php(58): CodeIgniter\Model->__call('getPendingDocumentsByOfficeID', [...])
 2 SYSTEMPATH\CodeIgniter.php(919): App\Controllers\DocuController->getPendingDocumentsByOfficeID('1')
 3 SYSTEMPATH\CodeIgniter.php(494): CodeIgniter\CodeIgniter->runController(Object(App\Controllers\DocuController))
 4 SYSTEMPATH\CodeIgniter.php(353): CodeIgniter\CodeIgniter->handleRequest(null, Object(Config\Cache), false)
 5 FCPATH\index.php(87): CodeIgniter\CodeIgniter->run()
CRITICAL - 2023-12-11 03:28:42 --> Undefined variable $pendingModel
in APPPATH\Controllers\DocuController.php on line 59.
 1 APPPATH\Controllers\DocuController.php(59): CodeIgniter\Debug\Exceptions->errorHandler(2, 'Undefined variable $pendingModel', 'D:\\laragon\\www\\document-tracking\\app\\Controllers\\DocuController.php', 59)
 2 SYSTEMPATH\CodeIgniter.php(919): App\Controllers\DocuController->getPendingDocumentsByOfficeID('1')
 3 SYSTEMPATH\CodeIgniter.php(494): CodeIgniter\CodeIgniter->runController(Object(App\Controllers\DocuController))
 4 SYSTEMPATH\CodeIgniter.php(353): CodeIgniter\CodeIgniter->handleRequest(null, Object(Config\Cache), false)
 5 FCPATH\index.php(87): CodeIgniter\CodeIgniter->run()
CRITICAL - 2023-12-11 03:28:45 --> Undefined variable $pendingModel
in APPPATH\Controllers\DocuController.php on line 59.
 1 APPPATH\Controllers\DocuController.php(59): CodeIgniter\Debug\Exceptions->errorHandler(2, 'Undefined variable $pendingModel', 'D:\\laragon\\www\\document-tracking\\app\\Controllers\\DocuController.php', 59)
 2 SYSTEMPATH\CodeIgniter.php(919): App\Controllers\DocuController->getPendingDocumentsByOfficeID('1')
 3 SYSTEMPATH\CodeIgniter.php(494): CodeIgniter\CodeIgniter->runController(Object(App\Controllers\DocuController))
 4 SYSTEMPATH\CodeIgniter.php(353): CodeIgniter\CodeIgniter->handleRequest(null, Object(Config\Cache), false)
 5 FCPATH\index.php(87): CodeIgniter\CodeIgniter->run()
CRITICAL - 2023-12-11 03:29:21 --> Undefined variable $pendingModel
in APPPATH\Controllers\DocuController.php on line 59.
 1 APPPATH\Controllers\DocuController.php(59): CodeIgniter\Debug\Exceptions->errorHandler(2, 'Undefined variable $pendingModel', 'D:\\laragon\\www\\document-tracking\\app\\Controllers\\DocuController.php', 59)
 2 SYSTEMPATH\CodeIgniter.php(919): App\Controllers\DocuController->getPendingDocumentsByOfficeID('1')
 3 SYSTEMPATH\CodeIgniter.php(494): CodeIgniter\CodeIgniter->runController(Object(App\Controllers\DocuController))
 4 SYSTEMPATH\CodeIgniter.php(353): CodeIgniter\CodeIgniter->handleRequest(null, Object(Config\Cache), false)
 5 FCPATH\index.php(87): CodeIgniter\CodeIgniter->run()
CRITICAL - 2023-12-11 03:29:28 --> Undefined variable $pendingModel
in APPPATH\Controllers\DocuController.php on line 59.
 1 APPPATH\Controllers\DocuController.php(59): CodeIgniter\Debug\Exceptions->errorHandler(2, 'Undefined variable $pendingModel', 'D:\\laragon\\www\\document-tracking\\app\\Controllers\\DocuController.php', 59)
 2 SYSTEMPATH\CodeIgniter.php(919): App\Controllers\DocuController->getPendingDocumentsByOfficeID('1')
 3 SYSTEMPATH\CodeIgniter.php(494): CodeIgniter\CodeIgniter->runController(Object(App\Controllers\DocuController))
 4 SYSTEMPATH\CodeIgniter.php(353): CodeIgniter\CodeIgniter->handleRequest(null, Object(Config\Cache), false)
 5 FCPATH\index.php(87): CodeIgniter\CodeIgniter->run()
CRITICAL - 2023-12-11 03:29:45 --> Undefined variable $PendingModel
in APPPATH\Controllers\DocuController.php on line 59.
 1 APPPATH\Controllers\DocuController.php(59): CodeIgniter\Debug\Exceptions->errorHandler(2, 'Undefined variable $PendingModel', 'D:\\laragon\\www\\document-tracking\\app\\Controllers\\DocuController.php', 59)
 2 SYSTEMPATH\CodeIgniter.php(919): App\Controllers\DocuController->getPendingDocumentsByOfficeID('1')
 3 SYSTEMPATH\CodeIgniter.php(494): CodeIgniter\CodeIgniter->runController(Object(App\Controllers\DocuController))
 4 SYSTEMPATH\CodeIgniter.php(353): CodeIgniter\CodeIgniter->handleRequest(null, Object(Config\Cache), false)
 5 FCPATH\index.php(87): CodeIgniter\CodeIgniter->run()
CRITICAL - 2023-12-11 04:43:34 --> Too few arguments to function App\Controllers\DocuController::approveDocument(), 0 passed in D:\laragon\www\document-tracking\system\CodeIgniter.php on line 919 and exactly 1 expected
in APPPATH\Controllers\DocuController.php on line 142.
 1 SYSTEMPATH\CodeIgniter.php(919): App\Controllers\DocuController->approveDocument()
 2 SYSTEMPATH\CodeIgniter.php(494): CodeIgniter\CodeIgniter->runController(Object(App\Controllers\DocuController))
 3 SYSTEMPATH\CodeIgniter.php(353): CodeIgniter\CodeIgniter->handleRequest(null, Object(Config\Cache), false)
 4 FCPATH\index.php(87): CodeIgniter\CodeIgniter->run()
CRITICAL - 2023-12-11 04:44:25 --> Too few arguments to function App\Controllers\DocuController::approveDocument(), 0 passed in D:\laragon\www\document-tracking\system\CodeIgniter.php on line 919 and exactly 1 expected
in APPPATH\Controllers\DocuController.php on line 142.
 1 SYSTEMPATH\CodeIgniter.php(919): App\Controllers\DocuController->approveDocument()
 2 SYSTEMPATH\CodeIgniter.php(494): CodeIgniter\CodeIgniter->runController(Object(App\Controllers\DocuController))
 3 SYSTEMPATH\CodeIgniter.php(353): CodeIgniter\CodeIgniter->handleRequest(null, Object(Config\Cache), false)
 4 FCPATH\index.php(87): CodeIgniter\CodeIgniter->run()
CRITICAL - 2023-12-11 04:50:38 --> Too few arguments to function App\Controllers\DocuController::approveDocument(), 0 passed in D:\laragon\www\document-tracking\system\CodeIgniter.php on line 919 and exactly 1 expected
in APPPATH\Controllers\DocuController.php on line 142.
 1 SYSTEMPATH\CodeIgniter.php(919): App\Controllers\DocuController->approveDocument()
 2 SYSTEMPATH\CodeIgniter.php(494): CodeIgniter\CodeIgniter->runController(Object(App\Controllers\DocuController))
 3 SYSTEMPATH\CodeIgniter.php(353): CodeIgniter\CodeIgniter->handleRequest(null, Object(Config\Cache), false)
 4 FCPATH\index.php(87): CodeIgniter\CodeIgniter->run()
CRITICAL - 2023-12-11 04:50:48 --> Too few arguments to function App\Controllers\DocuController::approveDocument(), 0 passed in D:\laragon\www\document-tracking\system\CodeIgniter.php on line 919 and exactly 1 expected
in APPPATH\Controllers\DocuController.php on line 142.
 1 SYSTEMPATH\CodeIgniter.php(919): App\Controllers\DocuController->approveDocument()
 2 SYSTEMPATH\CodeIgniter.php(494): CodeIgniter\CodeIgniter->runController(Object(App\Controllers\DocuController))
 3 SYSTEMPATH\CodeIgniter.php(353): CodeIgniter\CodeIgniter->handleRequest(null, Object(Config\Cache), false)
 4 FCPATH\index.php(87): CodeIgniter\CodeIgniter->run()
CRITICAL - 2023-12-11 04:54:49 --> Too few arguments to function App\Controllers\DocuController::approveDocument(), 0 passed in D:\laragon\www\document-tracking\system\CodeIgniter.php on line 919 and exactly 1 expected
in APPPATH\Controllers\DocuController.php on line 142.
 1 SYSTEMPATH\CodeIgniter.php(919): App\Controllers\DocuController->approveDocument()
 2 SYSTEMPATH\CodeIgniter.php(494): CodeIgniter\CodeIgniter->runController(Object(App\Controllers\DocuController))
 3 SYSTEMPATH\CodeIgniter.php(353): CodeIgniter\CodeIgniter->handleRequest(null, Object(Config\Cache), false)
 4 FCPATH\index.php(87): CodeIgniter\CodeIgniter->run()
CRITICAL - 2023-12-11 04:54:54 --> Too few arguments to function App\Controllers\DocuController::approveDocument(), 0 passed in D:\laragon\www\document-tracking\system\CodeIgniter.php on line 919 and exactly 1 expected
in APPPATH\Controllers\DocuController.php on line 142.
 1 SYSTEMPATH\CodeIgniter.php(919): App\Controllers\DocuController->approveDocument()
 2 SYSTEMPATH\CodeIgniter.php(494): CodeIgniter\CodeIgniter->runController(Object(App\Controllers\DocuController))
 3 SYSTEMPATH\CodeIgniter.php(353): CodeIgniter\CodeIgniter->handleRequest(null, Object(Config\Cache), false)
 4 FCPATH\index.php(87): CodeIgniter\CodeIgniter->run()
CRITICAL - 2023-12-11 04:55:16 --> Too few arguments to function App\Controllers\DocuController::approveDocument(), 0 passed in D:\laragon\www\document-tracking\system\CodeIgniter.php on line 919 and exactly 1 expected
in APPPATH\Controllers\DocuController.php on line 142.
 1 SYSTEMPATH\CodeIgniter.php(919): App\Controllers\DocuController->approveDocument()
 2 SYSTEMPATH\CodeIgniter.php(494): CodeIgniter\CodeIgniter->runController(Object(App\Controllers\DocuController))
 3 SYSTEMPATH\CodeIgniter.php(353): CodeIgniter\CodeIgniter->handleRequest(null, Object(Config\Cache), false)
 4 FCPATH\index.php(87): CodeIgniter\CodeIgniter->run()
ERROR - 2023-12-11 05:06:14 --> mysqli_sql_exception: Unknown column 'ReceiverName' in 'field list' in D:\laragon\www\document-tracking\system\Database\MySQLi\Connection.php:306
Stack trace:
#0 D:\laragon\www\document-tracking\system\Database\MySQLi\Connection.php(306): mysqli->query('UPDATE `documen...', 0)
#1 D:\laragon\www\document-tracking\system\Database\BaseConnection.php(692): CodeIgniter\Database\MySQLi\Connection->execute('UPDATE `documen...')
#2 D:\laragon\www\document-tracking\system\Database\BaseConnection.php(606): CodeIgniter\Database\BaseConnection->simpleQuery('UPDATE `documen...')
#3 D:\laragon\www\document-tracking\system\Database\BaseBuilder.php(2475): CodeIgniter\Database\BaseConnection->query('UPDATE `documen...', Array, false)
#4 D:\laragon\www\document-tracking\system\Model.php(385): CodeIgniter\Database\BaseBuilder->update()
#5 D:\laragon\www\document-tracking\system\BaseModel.php(949): CodeIgniter\Model->doUpdate(NULL, Array)
#6 D:\laragon\www\document-tracking\system\Model.php(776): CodeIgniter\BaseModel->update(NULL, Array)
#7 D:\laragon\www\document-tracking\app\Models\DocuModel.php(23): CodeIgniter\Model->update()
#8 D:\laragon\www\document-tracking\app\Controllers\DocuController.php(148): App\Models\DocuModel->updateStatus('43')
#9 D:\laragon\www\document-tracking\system\CodeIgniter.php(919): App\Controllers\DocuController->updateStatus()
#10 D:\laragon\www\document-tracking\system\CodeIgniter.php(494): CodeIgniter\CodeIgniter->runController(Object(App\Controllers\DocuController))
#11 D:\laragon\www\document-tracking\system\CodeIgniter.php(353): CodeIgniter\CodeIgniter->handleRequest(NULL, Object(Config\Cache), false)
#12 D:\laragon\www\document-tracking\public\index.php(87): CodeIgniter\CodeIgniter->run()
#13 {main}
CRITICAL - 2023-12-11 05:06:14 --> Unknown column 'ReceiverName' in 'field list'
in SYSTEMPATH\Database\BaseConnection.php on line 646.
 1 SYSTEMPATH\Database\BaseBuilder.php(2475): CodeIgniter\Database\BaseConnection->query('UPDATE `documents` SET `Status` = :Status:
WHERE `DocumentID` = :DocumentID:', [...], false)
 2 SYSTEMPATH\Model.php(385): CodeIgniter\Database\BaseBuilder->update()
 3 SYSTEMPATH\BaseModel.php(949): CodeIgniter\Model->doUpdate(null, [...])
 4 SYSTEMPATH\Model.php(776): CodeIgniter\BaseModel->update(null, [...])
 5 APPPATH\Models\DocuModel.php(23): CodeIgniter\Model->update()
 6 APPPATH\Controllers\DocuController.php(148): App\Models\DocuModel->updateStatus('43')
 7 SYSTEMPATH\CodeIgniter.php(919): App\Controllers\DocuController->updateStatus()
 8 SYSTEMPATH\CodeIgniter.php(494): CodeIgniter\CodeIgniter->runController(Object(App\Controllers\DocuController))
 9 SYSTEMPATH\CodeIgniter.php(353): CodeIgniter\CodeIgniter->handleRequest(null, Object(Config\Cache), false)
10 FCPATH\index.php(87): CodeIgniter\CodeIgniter->run()
ERROR - 2023-12-11 05:08:49 --> mysqli_sql_exception: Unknown column 'ReceiverName' in 'field list' in D:\laragon\www\document-tracking\system\Database\MySQLi\Connection.php:306
Stack trace:
#0 D:\laragon\www\document-tracking\system\Database\MySQLi\Connection.php(306): mysqli->query('UPDATE `documen...', 0)
#1 D:\laragon\www\document-tracking\system\Database\BaseConnection.php(692): CodeIgniter\Database\MySQLi\Connection->execute('UPDATE `documen...')
#2 D:\laragon\www\document-tracking\system\Database\BaseConnection.php(606): CodeIgniter\Database\BaseConnection->simpleQuery('UPDATE `documen...')
#3 D:\laragon\www\document-tracking\system\Database\BaseBuilder.php(2475): CodeIgniter\Database\BaseConnection->query('UPDATE `documen...', Array, false)
#4 D:\laragon\www\document-tracking\system\Model.php(385): CodeIgniter\Database\BaseBuilder->update()
#5 D:\laragon\www\document-tracking\system\BaseModel.php(949): CodeIgniter\Model->doUpdate(NULL, Array)
#6 D:\laragon\www\document-tracking\system\Model.php(776): CodeIgniter\BaseModel->update(NULL, Array)
#7 D:\laragon\www\document-tracking\app\Models\DocuModel.php(23): CodeIgniter\Model->update()
#8 D:\laragon\www\document-tracking\app\Controllers\DocuController.php(149): App\Models\DocuModel->updateStatus('43')
#9 D:\laragon\www\document-tracking\system\CodeIgniter.php(919): App\Controllers\DocuController->updateStatus()
#10 D:\laragon\www\document-tracking\system\CodeIgniter.php(494): CodeIgniter\CodeIgniter->runController(Object(App\Controllers\DocuController))
#11 D:\laragon\www\document-tracking\system\CodeIgniter.php(353): CodeIgniter\CodeIgniter->handleRequest(NULL, Object(Config\Cache), false)
#12 D:\laragon\www\document-tracking\public\index.php(87): CodeIgniter\CodeIgniter->run()
#13 {main}
CRITICAL - 2023-12-11 05:08:49 --> Unknown column 'ReceiverName' in 'field list'
in SYSTEMPATH\Database\BaseConnection.php on line 646.
 1 SYSTEMPATH\Database\BaseBuilder.php(2475): CodeIgniter\Database\BaseConnection->query('UPDATE `documents` SET `Status` = :Status:
WHERE `DocumentID` = :DocumentID:', [...], false)
 2 SYSTEMPATH\Model.php(385): CodeIgniter\Database\BaseBuilder->update()
 3 SYSTEMPATH\BaseModel.php(949): CodeIgniter\Model->doUpdate(null, [...])
 4 SYSTEMPATH\Model.php(776): CodeIgniter\BaseModel->update(null, [...])
 5 APPPATH\Models\DocuModel.php(23): CodeIgniter\Model->update()
 6 APPPATH\Controllers\DocuController.php(149): App\Models\DocuModel->updateStatus('43')
 7 SYSTEMPATH\CodeIgniter.php(919): App\Controllers\DocuController->updateStatus()
 8 SYSTEMPATH\CodeIgniter.php(494): CodeIgniter\CodeIgniter->runController(Object(App\Controllers\DocuController))
 9 SYSTEMPATH\CodeIgniter.php(353): CodeIgniter\CodeIgniter->handleRequest(null, Object(Config\Cache), false)
10 FCPATH\index.php(87): CodeIgniter\CodeIgniter->run()
ERROR - 2023-12-11 05:09:06 --> mysqli_sql_exception: Unknown column 'ReceiverName' in 'field list' in D:\laragon\www\document-tracking\system\Database\MySQLi\Connection.php:306
Stack trace:
#0 D:\laragon\www\document-tracking\system\Database\MySQLi\Connection.php(306): mysqli->query('UPDATE `documen...', 0)
#1 D:\laragon\www\document-tracking\system\Database\BaseConnection.php(692): CodeIgniter\Database\MySQLi\Connection->execute('UPDATE `documen...')
#2 D:\laragon\www\document-tracking\system\Database\BaseConnection.php(606): CodeIgniter\Database\BaseConnection->simpleQuery('UPDATE `documen...')
#3 D:\laragon\www\document-tracking\system\Database\BaseBuilder.php(2475): CodeIgniter\Database\BaseConnection->query('UPDATE `documen...', Array, false)
#4 D:\laragon\www\document-tracking\system\Model.php(385): CodeIgniter\Database\BaseBuilder->update()
#5 D:\laragon\www\document-tracking\system\BaseModel.php(949): CodeIgniter\Model->doUpdate(NULL, Array)
#6 D:\laragon\www\document-tracking\system\Model.php(776): CodeIgniter\BaseModel->update(NULL, Array)
#7 D:\laragon\www\document-tracking\app\Models\DocuModel.php(23): CodeIgniter\Model->update()
#8 D:\laragon\www\document-tracking\app\Controllers\DocuController.php(149): App\Models\DocuModel->updateStatus('43')
#9 D:\laragon\www\document-tracking\system\CodeIgniter.php(919): App\Controllers\DocuController->updateStatus()
#10 D:\laragon\www\document-tracking\system\CodeIgniter.php(494): CodeIgniter\CodeIgniter->runController(Object(App\Controllers\DocuController))
#11 D:\laragon\www\document-tracking\system\CodeIgniter.php(353): CodeIgniter\CodeIgniter->handleRequest(NULL, Object(Config\Cache), false)
#12 D:\laragon\www\document-tracking\public\index.php(87): CodeIgniter\CodeIgniter->run()
#13 {main}
CRITICAL - 2023-12-11 05:09:06 --> Unknown column 'ReceiverName' in 'field list'
in SYSTEMPATH\Database\BaseConnection.php on line 646.
 1 SYSTEMPATH\Database\BaseBuilder.php(2475): CodeIgniter\Database\BaseConnection->query('UPDATE `documents` SET `Status` = :Status:
WHERE `DocumentID` = :DocumentID:', [...], false)
 2 SYSTEMPATH\Model.php(385): CodeIgniter\Database\BaseBuilder->update()
 3 SYSTEMPATH\BaseModel.php(949): CodeIgniter\Model->doUpdate(null, [...])
 4 SYSTEMPATH\Model.php(776): CodeIgniter\BaseModel->update(null, [...])
 5 APPPATH\Models\DocuModel.php(23): CodeIgniter\Model->update()
 6 APPPATH\Controllers\DocuController.php(149): App\Models\DocuModel->updateStatus('43')
 7 SYSTEMPATH\CodeIgniter.php(919): App\Controllers\DocuController->updateStatus()
 8 SYSTEMPATH\CodeIgniter.php(494): CodeIgniter\CodeIgniter->runController(Object(App\Controllers\DocuController))
 9 SYSTEMPATH\CodeIgniter.php(353): CodeIgniter\CodeIgniter->handleRequest(null, Object(Config\Cache), false)
10 FCPATH\index.php(87): CodeIgniter\CodeIgniter->run()
ERROR - 2023-12-11 05:12:56 --> mysqli_sql_exception: Unknown column 'ReceiverName' in 'field list' in D:\laragon\www\document-tracking\system\Database\MySQLi\Connection.php:306
Stack trace:
#0 D:\laragon\www\document-tracking\system\Database\MySQLi\Connection.php(306): mysqli->query('UPDATE `documen...', 0)
#1 D:\laragon\www\document-tracking\system\Database\BaseConnection.php(692): CodeIgniter\Database\MySQLi\Connection->execute('UPDATE `documen...')
#2 D:\laragon\www\document-tracking\system\Database\BaseConnection.php(606): CodeIgniter\Database\BaseConnection->simpleQuery('UPDATE `documen...')
#3 D:\laragon\www\document-tracking\system\Database\BaseBuilder.php(2475): CodeIgniter\Database\BaseConnection->query('UPDATE `documen...', Array, false)
#4 D:\laragon\www\document-tracking\system\Model.php(385): CodeIgniter\Database\BaseBuilder->update()
#5 D:\laragon\www\document-tracking\system\BaseModel.php(949): CodeIgniter\Model->doUpdate(NULL, Array)
#6 D:\laragon\www\document-tracking\system\Model.php(776): CodeIgniter\BaseModel->update(NULL, Array)
#7 D:\laragon\www\document-tracking\app\Models\DocuModel.php(23): CodeIgniter\Model->update()
#8 D:\laragon\www\document-tracking\app\Controllers\DocuController.php(149): App\Models\DocuModel->updateStatus('43')
#9 D:\laragon\www\document-tracking\system\CodeIgniter.php(919): App\Controllers\DocuController->updateStatus()
#10 D:\laragon\www\document-tracking\system\CodeIgniter.php(494): CodeIgniter\CodeIgniter->runController(Object(App\Controllers\DocuController))
#11 D:\laragon\www\document-tracking\system\CodeIgniter.php(353): CodeIgniter\CodeIgniter->handleRequest(NULL, Object(Config\Cache), false)
#12 D:\laragon\www\document-tracking\public\index.php(87): CodeIgniter\CodeIgniter->run()
#13 {main}
CRITICAL - 2023-12-11 05:12:56 --> Unknown column 'ReceiverName' in 'field list'
in SYSTEMPATH\Database\BaseConnection.php on line 646.
 1 SYSTEMPATH\Database\BaseBuilder.php(2475): CodeIgniter\Database\BaseConnection->query('UPDATE `documents` SET `Status` = :Status:
WHERE `DocumentID` = :DocumentID:', [...], false)
 2 SYSTEMPATH\Model.php(385): CodeIgniter\Database\BaseBuilder->update()
 3 SYSTEMPATH\BaseModel.php(949): CodeIgniter\Model->doUpdate(null, [...])
 4 SYSTEMPATH\Model.php(776): CodeIgniter\BaseModel->update(null, [...])
 5 APPPATH\Models\DocuModel.php(23): CodeIgniter\Model->update()
 6 APPPATH\Controllers\DocuController.php(149): App\Models\DocuModel->updateStatus('43')
 7 SYSTEMPATH\CodeIgniter.php(919): App\Controllers\DocuController->updateStatus()
 8 SYSTEMPATH\CodeIgniter.php(494): CodeIgniter\CodeIgniter->runController(Object(App\Controllers\DocuController))
 9 SYSTEMPATH\CodeIgniter.php(353): CodeIgniter\CodeIgniter->handleRequest(null, Object(Config\Cache), false)
10 FCPATH\index.php(87): CodeIgniter\CodeIgniter->run()
ERROR - 2023-12-11 05:13:04 --> mysqli_sql_exception: Unknown column 'ReceiverName' in 'field list' in D:\laragon\www\document-tracking\system\Database\MySQLi\Connection.php:306
Stack trace:
#0 D:\laragon\www\document-tracking\system\Database\MySQLi\Connection.php(306): mysqli->query('UPDATE `documen...', 0)
#1 D:\laragon\www\document-tracking\system\Database\BaseConnection.php(692): CodeIgniter\Database\MySQLi\Connection->execute('UPDATE `documen...')
#2 D:\laragon\www\document-tracking\system\Database\BaseConnection.php(606): CodeIgniter\Database\BaseConnection->simpleQuery('UPDATE `documen...')
#3 D:\laragon\www\document-tracking\system\Database\BaseBuilder.php(2475): CodeIgniter\Database\BaseConnection->query('UPDATE `documen...', Array, false)
#4 D:\laragon\www\document-tracking\system\Model.php(385): CodeIgniter\Database\BaseBuilder->update()
#5 D:\laragon\www\document-tracking\system\BaseModel.php(949): CodeIgniter\Model->doUpdate(NULL, Array)
#6 D:\laragon\www\document-tracking\system\Model.php(776): CodeIgniter\BaseModel->update(NULL, Array)
#7 D:\laragon\www\document-tracking\app\Models\DocuModel.php(23): CodeIgniter\Model->update()
#8 D:\laragon\www\document-tracking\app\Controllers\DocuController.php(149): App\Models\DocuModel->updateStatus('37')
#9 D:\laragon\www\document-tracking\system\CodeIgniter.php(919): App\Controllers\DocuController->updateStatus()
#10 D:\laragon\www\document-tracking\system\CodeIgniter.php(494): CodeIgniter\CodeIgniter->runController(Object(App\Controllers\DocuController))
#11 D:\laragon\www\document-tracking\system\CodeIgniter.php(353): CodeIgniter\CodeIgniter->handleRequest(NULL, Object(Config\Cache), false)
#12 D:\laragon\www\document-tracking\public\index.php(87): CodeIgniter\CodeIgniter->run()
#13 {main}
CRITICAL - 2023-12-11 05:13:04 --> Unknown column 'ReceiverName' in 'field list'
in SYSTEMPATH\Database\BaseConnection.php on line 646.
 1 SYSTEMPATH\Database\BaseBuilder.php(2475): CodeIgniter\Database\BaseConnection->query('UPDATE `documents` SET `Status` = :Status:
WHERE `DocumentID` = :DocumentID:', [...], false)
 2 SYSTEMPATH\Model.php(385): CodeIgniter\Database\BaseBuilder->update()
 3 SYSTEMPATH\BaseModel.php(949): CodeIgniter\Model->doUpdate(null, [...])
 4 SYSTEMPATH\Model.php(776): CodeIgniter\BaseModel->update(null, [...])
 5 APPPATH\Models\DocuModel.php(23): CodeIgniter\Model->update()
 6 APPPATH\Controllers\DocuController.php(149): App\Models\DocuModel->updateStatus('37')
 7 SYSTEMPATH\CodeIgniter.php(919): App\Controllers\DocuController->updateStatus()
 8 SYSTEMPATH\CodeIgniter.php(494): CodeIgniter\CodeIgniter->runController(Object(App\Controllers\DocuController))
 9 SYSTEMPATH\CodeIgniter.php(353): CodeIgniter\CodeIgniter->handleRequest(null, Object(Config\Cache), false)
10 FCPATH\index.php(87): CodeIgniter\CodeIgniter->run()
ERROR - 2023-12-11 05:13:05 --> mysqli_sql_exception: Unknown column 'ReceiverName' in 'field list' in D:\laragon\www\document-tracking\system\Database\MySQLi\Connection.php:306
Stack trace:
#0 D:\laragon\www\document-tracking\system\Database\MySQLi\Connection.php(306): mysqli->query('UPDATE `documen...', 0)
#1 D:\laragon\www\document-tracking\system\Database\BaseConnection.php(692): CodeIgniter\Database\MySQLi\Connection->execute('UPDATE `documen...')
#2 D:\laragon\www\document-tracking\system\Database\BaseConnection.php(606): CodeIgniter\Database\BaseConnection->simpleQuery('UPDATE `documen...')
#3 D:\laragon\www\document-tracking\system\Database\BaseBuilder.php(2475): CodeIgniter\Database\BaseConnection->query('UPDATE `documen...', Array, false)
#4 D:\laragon\www\document-tracking\system\Model.php(385): CodeIgniter\Database\BaseBuilder->update()
#5 D:\laragon\www\document-tracking\system\BaseModel.php(949): CodeIgniter\Model->doUpdate(NULL, Array)
#6 D:\laragon\www\document-tracking\system\Model.php(776): CodeIgniter\BaseModel->update(NULL, Array)
#7 D:\laragon\www\document-tracking\app\Models\DocuModel.php(23): CodeIgniter\Model->update()
#8 D:\laragon\www\document-tracking\app\Controllers\DocuController.php(149): App\Models\DocuModel->updateStatus('37')
#9 D:\laragon\www\document-tracking\system\CodeIgniter.php(919): App\Controllers\DocuController->updateStatus()
#10 D:\laragon\www\document-tracking\system\CodeIgniter.php(494): CodeIgniter\CodeIgniter->runController(Object(App\Controllers\DocuController))
#11 D:\laragon\www\document-tracking\system\CodeIgniter.php(353): CodeIgniter\CodeIgniter->handleRequest(NULL, Object(Config\Cache), false)
#12 D:\laragon\www\document-tracking\public\index.php(87): CodeIgniter\CodeIgniter->run()
#13 {main}
CRITICAL - 2023-12-11 05:13:05 --> Unknown column 'ReceiverName' in 'field list'
in SYSTEMPATH\Database\BaseConnection.php on line 646.
 1 SYSTEMPATH\Database\BaseBuilder.php(2475): CodeIgniter\Database\BaseConnection->query('UPDATE `documents` SET `Status` = :Status:
WHERE `DocumentID` = :DocumentID:', [...], false)
 2 SYSTEMPATH\Model.php(385): CodeIgniter\Database\BaseBuilder->update()
 3 SYSTEMPATH\BaseModel.php(949): CodeIgniter\Model->doUpdate(null, [...])
 4 SYSTEMPATH\Model.php(776): CodeIgniter\BaseModel->update(null, [...])
 5 APPPATH\Models\DocuModel.php(23): CodeIgniter\Model->update()
 6 APPPATH\Controllers\DocuController.php(149): App\Models\DocuModel->updateStatus('37')
 7 SYSTEMPATH\CodeIgniter.php(919): App\Controllers\DocuController->updateStatus()
 8 SYSTEMPATH\CodeIgniter.php(494): CodeIgniter\CodeIgniter->runController(Object(App\Controllers\DocuController))
 9 SYSTEMPATH\CodeIgniter.php(353): CodeIgniter\CodeIgniter->handleRequest(null, Object(Config\Cache), false)
10 FCPATH\index.php(87): CodeIgniter\CodeIgniter->run()
ERROR - 2023-12-11 05:13:51 --> mysqli_sql_exception: Unknown column 'ReceiverName' in 'field list' in D:\laragon\www\document-tracking\system\Database\MySQLi\Connection.php:306
Stack trace:
#0 D:\laragon\www\document-tracking\system\Database\MySQLi\Connection.php(306): mysqli->query('UPDATE `documen...', 0)
#1 D:\laragon\www\document-tracking\system\Database\BaseConnection.php(692): CodeIgniter\Database\MySQLi\Connection->execute('UPDATE `documen...')
#2 D:\laragon\www\document-tracking\system\Database\BaseConnection.php(606): CodeIgniter\Database\BaseConnection->simpleQuery('UPDATE `documen...')
#3 D:\laragon\www\document-tracking\system\Database\BaseBuilder.php(2475): CodeIgniter\Database\BaseConnection->query('UPDATE `documen...', Array, false)
#4 D:\laragon\www\document-tracking\system\Model.php(385): CodeIgniter\Database\BaseBuilder->update()
#5 D:\laragon\www\document-tracking\system\BaseModel.php(949): CodeIgniter\Model->doUpdate(NULL, Array)
#6 D:\laragon\www\document-tracking\system\Model.php(776): CodeIgniter\BaseModel->update(NULL, Array)
#7 D:\laragon\www\document-tracking\app\Models\DocuModel.php(23): CodeIgniter\Model->update()
#8 D:\laragon\www\document-tracking\app\Controllers\DocuController.php(149): App\Models\DocuModel->updateStatus('43')
#9 D:\laragon\www\document-tracking\system\CodeIgniter.php(919): App\Controllers\DocuController->updateStatus()
#10 D:\laragon\www\document-tracking\system\CodeIgniter.php(494): CodeIgniter\CodeIgniter->runController(Object(App\Controllers\DocuController))
#11 D:\laragon\www\document-tracking\system\CodeIgniter.php(353): CodeIgniter\CodeIgniter->handleRequest(NULL, Object(Config\Cache), false)
#12 D:\laragon\www\document-tracking\public\index.php(87): CodeIgniter\CodeIgniter->run()
#13 {main}
CRITICAL - 2023-12-11 05:13:51 --> Unknown column 'ReceiverName' in 'field list'
in SYSTEMPATH\Database\BaseConnection.php on line 646.
 1 SYSTEMPATH\Database\BaseBuilder.php(2475): CodeIgniter\Database\BaseConnection->query('UPDATE `documents` SET `Status` = :Status:
WHERE `DocumentID` = :DocumentID:', [...], false)
 2 SYSTEMPATH\Model.php(385): CodeIgniter\Database\BaseBuilder->update()
 3 SYSTEMPATH\BaseModel.php(949): CodeIgniter\Model->doUpdate(null, [...])
 4 SYSTEMPATH\Model.php(776): CodeIgniter\BaseModel->update(null, [...])
 5 APPPATH\Models\DocuModel.php(23): CodeIgniter\Model->update()
 6 APPPATH\Controllers\DocuController.php(149): App\Models\DocuModel->updateStatus('43')
 7 SYSTEMPATH\CodeIgniter.php(919): App\Controllers\DocuController->updateStatus()
 8 SYSTEMPATH\CodeIgniter.php(494): CodeIgniter\CodeIgniter->runController(Object(App\Controllers\DocuController))
 9 SYSTEMPATH\CodeIgniter.php(353): CodeIgniter\CodeIgniter->handleRequest(null, Object(Config\Cache), false)
10 FCPATH\index.php(87): CodeIgniter\CodeIgniter->run()
ERROR - 2023-12-11 05:13:52 --> mysqli_sql_exception: Unknown column 'ReceiverName' in 'field list' in D:\laragon\www\document-tracking\system\Database\MySQLi\Connection.php:306
Stack trace:
#0 D:\laragon\www\document-tracking\system\Database\MySQLi\Connection.php(306): mysqli->query('UPDATE `documen...', 0)
#1 D:\laragon\www\document-tracking\system\Database\BaseConnection.php(692): CodeIgniter\Database\MySQLi\Connection->execute('UPDATE `documen...')
#2 D:\laragon\www\document-tracking\system\Database\BaseConnection.php(606): CodeIgniter\Database\BaseConnection->simpleQuery('UPDATE `documen...')
#3 D:\laragon\www\document-tracking\system\Database\BaseBuilder.php(2475): CodeIgniter\Database\BaseConnection->query('UPDATE `documen...', Array, false)
#4 D:\laragon\www\document-tracking\system\Model.php(385): CodeIgniter\Database\BaseBuilder->update()
#5 D:\laragon\www\document-tracking\system\BaseModel.php(949): CodeIgniter\Model->doUpdate(NULL, Array)
#6 D:\laragon\www\document-tracking\system\Model.php(776): CodeIgniter\BaseModel->update(NULL, Array)
#7 D:\laragon\www\document-tracking\app\Models\DocuModel.php(23): CodeIgniter\Model->update()
#8 D:\laragon\www\document-tracking\app\Controllers\DocuController.php(149): App\Models\DocuModel->updateStatus('37')
#9 D:\laragon\www\document-tracking\system\CodeIgniter.php(919): App\Controllers\DocuController->updateStatus()
#10 D:\laragon\www\document-tracking\system\CodeIgniter.php(494): CodeIgniter\CodeIgniter->runController(Object(App\Controllers\DocuController))
#11 D:\laragon\www\document-tracking\system\CodeIgniter.php(353): CodeIgniter\CodeIgniter->handleRequest(NULL, Object(Config\Cache), false)
#12 D:\laragon\www\document-tracking\public\index.php(87): CodeIgniter\CodeIgniter->run()
#13 {main}
CRITICAL - 2023-12-11 05:13:52 --> Unknown column 'ReceiverName' in 'field list'
in SYSTEMPATH\Database\BaseConnection.php on line 646.
 1 SYSTEMPATH\Database\BaseBuilder.php(2475): CodeIgniter\Database\BaseConnection->query('UPDATE `documents` SET `Status` = :Status:
WHERE `DocumentID` = :DocumentID:', [...], false)
 2 SYSTEMPATH\Model.php(385): CodeIgniter\Database\BaseBuilder->update()
 3 SYSTEMPATH\BaseModel.php(949): CodeIgniter\Model->doUpdate(null, [...])
 4 SYSTEMPATH\Model.php(776): CodeIgniter\BaseModel->update(null, [...])
 5 APPPATH\Models\DocuModel.php(23): CodeIgniter\Model->update()
 6 APPPATH\Controllers\DocuController.php(149): App\Models\DocuModel->updateStatus('37')
 7 SYSTEMPATH\CodeIgniter.php(919): App\Controllers\DocuController->updateStatus()
 8 SYSTEMPATH\CodeIgniter.php(494): CodeIgniter\CodeIgniter->runController(Object(App\Controllers\DocuController))
 9 SYSTEMPATH\CodeIgniter.php(353): CodeIgniter\CodeIgniter->handleRequest(null, Object(Config\Cache), false)
10 FCPATH\index.php(87): CodeIgniter\CodeIgniter->run()
ERROR - 2023-12-11 05:14:41 --> mysqli_sql_exception: Unknown column 'ReceiverName' in 'field list' in D:\laragon\www\document-tracking\system\Database\MySQLi\Connection.php:306
Stack trace:
#0 D:\laragon\www\document-tracking\system\Database\MySQLi\Connection.php(306): mysqli->query('UPDATE `documen...', 0)
#1 D:\laragon\www\document-tracking\system\Database\BaseConnection.php(692): CodeIgniter\Database\MySQLi\Connection->execute('UPDATE `documen...')
#2 D:\laragon\www\document-tracking\system\Database\BaseConnection.php(606): CodeIgniter\Database\BaseConnection->simpleQuery('UPDATE `documen...')
#3 D:\laragon\www\document-tracking\system\Database\BaseBuilder.php(2475): CodeIgniter\Database\BaseConnection->query('UPDATE `documen...', Array, false)
#4 D:\laragon\www\document-tracking\system\Model.php(385): CodeIgniter\Database\BaseBuilder->update()
#5 D:\laragon\www\document-tracking\system\BaseModel.php(949): CodeIgniter\Model->doUpdate(NULL, Array)
#6 D:\laragon\www\document-tracking\system\Model.php(776): CodeIgniter\BaseModel->update(NULL, Array)
#7 D:\laragon\www\document-tracking\app\Models\DocuModel.php(23): CodeIgniter\Model->update()
#8 D:\laragon\www\document-tracking\app\Controllers\DocuController.php(149): App\Models\DocuModel->updateStatus('43')
#9 D:\laragon\www\document-tracking\system\CodeIgniter.php(919): App\Controllers\DocuController->updateStatus()
#10 D:\laragon\www\document-tracking\system\CodeIgniter.php(494): CodeIgniter\CodeIgniter->runController(Object(App\Controllers\DocuController))
#11 D:\laragon\www\document-tracking\system\CodeIgniter.php(353): CodeIgniter\CodeIgniter->handleRequest(NULL, Object(Config\Cache), false)
#12 D:\laragon\www\document-tracking\public\index.php(87): CodeIgniter\CodeIgniter->run()
#13 {main}
CRITICAL - 2023-12-11 05:14:41 --> Unknown column 'ReceiverName' in 'field list'
in SYSTEMPATH\Database\BaseConnection.php on line 646.
 1 SYSTEMPATH\Database\BaseBuilder.php(2475): CodeIgniter\Database\BaseConnection->query('UPDATE `documents` SET `Status` = :Status:
WHERE `DocumentID` = :DocumentID:', [...], false)
 2 SYSTEMPATH\Model.php(385): CodeIgniter\Database\BaseBuilder->update()
 3 SYSTEMPATH\BaseModel.php(949): CodeIgniter\Model->doUpdate(null, [...])
 4 SYSTEMPATH\Model.php(776): CodeIgniter\BaseModel->update(null, [...])
 5 APPPATH\Models\DocuModel.php(23): CodeIgniter\Model->update()
 6 APPPATH\Controllers\DocuController.php(149): App\Models\DocuModel->updateStatus('43')
 7 SYSTEMPATH\CodeIgniter.php(919): App\Controllers\DocuController->updateStatus()
 8 SYSTEMPATH\CodeIgniter.php(494): CodeIgniter\CodeIgniter->runController(Object(App\Controllers\DocuController))
 9 SYSTEMPATH\CodeIgniter.php(353): CodeIgniter\CodeIgniter->handleRequest(null, Object(Config\Cache), false)
10 FCPATH\index.php(87): CodeIgniter\CodeIgniter->run()
ERROR - 2023-12-11 05:21:28 --> mysqli_sql_exception: Unknown column 'ReceiverName' in 'field list' in D:\laragon\www\document-tracking\system\Database\MySQLi\Connection.php:306
Stack trace:
#0 D:\laragon\www\document-tracking\system\Database\MySQLi\Connection.php(306): mysqli->query('UPDATE `documen...', 0)
#1 D:\laragon\www\document-tracking\system\Database\BaseConnection.php(692): CodeIgniter\Database\MySQLi\Connection->execute('UPDATE `documen...')
#2 D:\laragon\www\document-tracking\system\Database\BaseConnection.php(606): CodeIgniter\Database\BaseConnection->simpleQuery('UPDATE `documen...')
#3 D:\laragon\www\document-tracking\system\Database\BaseBuilder.php(2475): CodeIgniter\Database\BaseConnection->query('UPDATE `documen...', Array, false)
#4 D:\laragon\www\document-tracking\system\Model.php(385): CodeIgniter\Database\BaseBuilder->update()
#5 D:\laragon\www\document-tracking\system\BaseModel.php(949): CodeIgniter\Model->doUpdate(NULL, Array)
#6 D:\laragon\www\document-tracking\system\Model.php(776): CodeIgniter\BaseModel->update(NULL, Array)
#7 D:\laragon\www\document-tracking\app\Models\DocuModel.php(23): CodeIgniter\Model->update()
#8 D:\laragon\www\document-tracking\app\Controllers\DocuController.php(149): App\Models\DocuModel->updateStatus('43')
#9 D:\laragon\www\document-tracking\system\CodeIgniter.php(919): App\Controllers\DocuController->updateStatus()
#10 D:\laragon\www\document-tracking\system\CodeIgniter.php(494): CodeIgniter\CodeIgniter->runController(Object(App\Controllers\DocuController))
#11 D:\laragon\www\document-tracking\system\CodeIgniter.php(353): CodeIgniter\CodeIgniter->handleRequest(NULL, Object(Config\Cache), false)
#12 D:\laragon\www\document-tracking\public\index.php(87): CodeIgniter\CodeIgniter->run()
#13 {main}
CRITICAL - 2023-12-11 05:21:28 --> Unknown column 'ReceiverName' in 'field list'
in SYSTEMPATH\Database\BaseConnection.php on line 646.
 1 SYSTEMPATH\Database\BaseBuilder.php(2475): CodeIgniter\Database\BaseConnection->query('UPDATE `documents` SET `Status` = :Status:
WHERE `DocumentID` = :DocumentID:', [...], false)
 2 SYSTEMPATH\Model.php(385): CodeIgniter\Database\BaseBuilder->update()
 3 SYSTEMPATH\BaseModel.php(949): CodeIgniter\Model->doUpdate(null, [...])
 4 SYSTEMPATH\Model.php(776): CodeIgniter\BaseModel->update(null, [...])
 5 APPPATH\Models\DocuModel.php(23): CodeIgniter\Model->update()
 6 APPPATH\Controllers\DocuController.php(149): App\Models\DocuModel->updateStatus('43')
 7 SYSTEMPATH\CodeIgniter.php(919): App\Controllers\DocuController->updateStatus()
 8 SYSTEMPATH\CodeIgniter.php(494): CodeIgniter\CodeIgniter->runController(Object(App\Controllers\DocuController))
 9 SYSTEMPATH\CodeIgniter.php(353): CodeIgniter\CodeIgniter->handleRequest(null, Object(Config\Cache), false)
10 FCPATH\index.php(87): CodeIgniter\CodeIgniter->run()
ERROR - 2023-12-11 05:24:02 --> mysqli_sql_exception: Unknown column 'ReceiverName' in 'field list' in D:\laragon\www\document-tracking\system\Database\MySQLi\Connection.php:306
Stack trace:
#0 D:\laragon\www\document-tracking\system\Database\MySQLi\Connection.php(306): mysqli->query('UPDATE `documen...', 0)
#1 D:\laragon\www\document-tracking\system\Database\BaseConnection.php(692): CodeIgniter\Database\MySQLi\Connection->execute('UPDATE `documen...')
#2 D:\laragon\www\document-tracking\system\Database\BaseConnection.php(606): CodeIgniter\Database\BaseConnection->simpleQuery('UPDATE `documen...')
#3 D:\laragon\www\document-tracking\system\Database\BaseBuilder.php(2475): CodeIgniter\Database\BaseConnection->query('UPDATE `documen...', Array, false)
#4 D:\laragon\www\document-tracking\system\Model.php(385): CodeIgniter\Database\BaseBuilder->update()
#5 D:\laragon\www\document-tracking\system\BaseModel.php(949): CodeIgniter\Model->doUpdate(NULL, Array)
#6 D:\laragon\www\document-tracking\system\Model.php(776): CodeIgniter\BaseModel->update(NULL, Array)
#7 D:\laragon\www\document-tracking\app\Models\DocuModel.php(23): CodeIgniter\Model->update()
#8 D:\laragon\www\document-tracking\app\Controllers\DocuController.php(149): App\Models\DocuModel->updateStatus('43')
#9 D:\laragon\www\document-tracking\system\CodeIgniter.php(919): App\Controllers\DocuController->updateStatus()
#10 D:\laragon\www\document-tracking\system\CodeIgniter.php(494): CodeIgniter\CodeIgniter->runController(Object(App\Controllers\DocuController))
#11 D:\laragon\www\document-tracking\system\CodeIgniter.php(353): CodeIgniter\CodeIgniter->handleRequest(NULL, Object(Config\Cache), false)
#12 D:\laragon\www\document-tracking\public\index.php(87): CodeIgniter\CodeIgniter->run()
#13 {main}
CRITICAL - 2023-12-11 05:24:02 --> Unknown column 'ReceiverName' in 'field list'
in SYSTEMPATH\Database\BaseConnection.php on line 646.
 1 SYSTEMPATH\Database\BaseBuilder.php(2475): CodeIgniter\Database\BaseConnection->query('UPDATE `documents` SET `Status` = :Status:
WHERE `DocumentID` = :DocumentID:', [...], false)
 2 SYSTEMPATH\Model.php(385): CodeIgniter\Database\BaseBuilder->update()
 3 SYSTEMPATH\BaseModel.php(949): CodeIgniter\Model->doUpdate(null, [...])
 4 SYSTEMPATH\Model.php(776): CodeIgniter\BaseModel->update(null, [...])
 5 APPPATH\Models\DocuModel.php(23): CodeIgniter\Model->update()
 6 APPPATH\Controllers\DocuController.php(149): App\Models\DocuModel->updateStatus('43')
 7 SYSTEMPATH\CodeIgniter.php(919): App\Controllers\DocuController->updateStatus()
 8 SYSTEMPATH\CodeIgniter.php(494): CodeIgniter\CodeIgniter->runController(Object(App\Controllers\DocuController))
 9 SYSTEMPATH\CodeIgniter.php(353): CodeIgniter\CodeIgniter->handleRequest(null, Object(Config\Cache), false)
10 FCPATH\index.php(87): CodeIgniter\CodeIgniter->run()
ERROR - 2023-12-11 05:29:11 --> mysqli_sql_exception: Unknown column 'ReceiverName' in 'field list' in D:\laragon\www\document-tracking\system\Database\MySQLi\Connection.php:306
Stack trace:
#0 D:\laragon\www\document-tracking\system\Database\MySQLi\Connection.php(306): mysqli->query('UPDATE `documen...', 0)
#1 D:\laragon\www\document-tracking\system\Database\BaseConnection.php(692): CodeIgniter\Database\MySQLi\Connection->execute('UPDATE `documen...')
#2 D:\laragon\www\document-tracking\system\Database\BaseConnection.php(606): CodeIgniter\Database\BaseConnection->simpleQuery('UPDATE `documen...')
#3 D:\laragon\www\document-tracking\system\Database\BaseBuilder.php(2475): CodeIgniter\Database\BaseConnection->query('UPDATE `documen...', Array, false)
#4 D:\laragon\www\document-tracking\system\Model.php(385): CodeIgniter\Database\BaseBuilder->update()
#5 D:\laragon\www\document-tracking\system\BaseModel.php(949): CodeIgniter\Model->doUpdate(NULL, Array)
#6 D:\laragon\www\document-tracking\system\Model.php(776): CodeIgniter\BaseModel->update(NULL, Array)
#7 D:\laragon\www\document-tracking\app\Models\DocuModel.php(23): CodeIgniter\Model->update()
#8 D:\laragon\www\document-tracking\app\Controllers\DocuController.php(151): App\Models\DocuModel->updateStatus('43')
#9 D:\laragon\www\document-tracking\system\CodeIgniter.php(919): App\Controllers\DocuController->updateStatus()
#10 D:\laragon\www\document-tracking\system\CodeIgniter.php(494): CodeIgniter\CodeIgniter->runController(Object(App\Controllers\DocuController))
#11 D:\laragon\www\document-tracking\system\CodeIgniter.php(353): CodeIgniter\CodeIgniter->handleRequest(NULL, Object(Config\Cache), false)
#12 D:\laragon\www\document-tracking\public\index.php(87): CodeIgniter\CodeIgniter->run()
#13 {main}
CRITICAL - 2023-12-11 05:29:11 --> Unknown column 'ReceiverName' in 'field list'
in SYSTEMPATH\Database\BaseConnection.php on line 646.
 1 SYSTEMPATH\Database\BaseBuilder.php(2475): CodeIgniter\Database\BaseConnection->query('UPDATE `documents` SET `Status` = :Status:
WHERE `DocumentID` = :DocumentID:', [...], false)
 2 SYSTEMPATH\Model.php(385): CodeIgniter\Database\BaseBuilder->update()
 3 SYSTEMPATH\BaseModel.php(949): CodeIgniter\Model->doUpdate(null, [...])
 4 SYSTEMPATH\Model.php(776): CodeIgniter\BaseModel->update(null, [...])
 5 APPPATH\Models\DocuModel.php(23): CodeIgniter\Model->update()
 6 APPPATH\Controllers\DocuController.php(151): App\Models\DocuModel->updateStatus('43')
 7 SYSTEMPATH\CodeIgniter.php(919): App\Controllers\DocuController->updateStatus()
 8 SYSTEMPATH\CodeIgniter.php(494): CodeIgniter\CodeIgniter->runController(Object(App\Controllers\DocuController))
 9 SYSTEMPATH\CodeIgniter.php(353): CodeIgniter\CodeIgniter->handleRequest(null, Object(Config\Cache), false)
10 FCPATH\index.php(87): CodeIgniter\CodeIgniter->run()
ERROR - 2023-12-11 05:29:46 --> mysqli_sql_exception: Unknown column 'ReceiverName' in 'field list' in D:\laragon\www\document-tracking\system\Database\MySQLi\Connection.php:306
Stack trace:
#0 D:\laragon\www\document-tracking\system\Database\MySQLi\Connection.php(306): mysqli->query('UPDATE `documen...', 0)
#1 D:\laragon\www\document-tracking\system\Database\BaseConnection.php(692): CodeIgniter\Database\MySQLi\Connection->execute('UPDATE `documen...')
#2 D:\laragon\www\document-tracking\system\Database\BaseConnection.php(606): CodeIgniter\Database\BaseConnection->simpleQuery('UPDATE `documen...')
#3 D:\laragon\www\document-tracking\system\Database\BaseBuilder.php(2475): CodeIgniter\Database\BaseConnection->query('UPDATE `documen...', Array, false)
#4 D:\laragon\www\document-tracking\system\Model.php(385): CodeIgniter\Database\BaseBuilder->update()
#5 D:\laragon\www\document-tracking\system\BaseModel.php(949): CodeIgniter\Model->doUpdate(NULL, Array)
#6 D:\laragon\www\document-tracking\system\Model.php(776): CodeIgniter\BaseModel->update(NULL, Array)
#7 D:\laragon\www\document-tracking\app\Models\DocuModel.php(23): CodeIgniter\Model->update()
#8 D:\laragon\www\document-tracking\app\Controllers\DocuController.php(151): App\Models\DocuModel->updateStatus('43')
#9 D:\laragon\www\document-tracking\system\CodeIgniter.php(919): App\Controllers\DocuController->updateStatus()
#10 D:\laragon\www\document-tracking\system\CodeIgniter.php(494): CodeIgniter\CodeIgniter->runController(Object(App\Controllers\DocuController))
#11 D:\laragon\www\document-tracking\system\CodeIgniter.php(353): CodeIgniter\CodeIgniter->handleRequest(NULL, Object(Config\Cache), false)
#12 D:\laragon\www\document-tracking\public\index.php(87): CodeIgniter\CodeIgniter->run()
#13 {main}
CRITICAL - 2023-12-11 05:29:46 --> Unknown column 'ReceiverName' in 'field list'
in SYSTEMPATH\Database\BaseConnection.php on line 646.
 1 SYSTEMPATH\Database\BaseBuilder.php(2475): CodeIgniter\Database\BaseConnection->query('UPDATE `documents` SET `Status` = :Status:
WHERE `DocumentID` = :DocumentID:', [...], false)
 2 SYSTEMPATH\Model.php(385): CodeIgniter\Database\BaseBuilder->update()
 3 SYSTEMPATH\BaseModel.php(949): CodeIgniter\Model->doUpdate(null, [...])
 4 SYSTEMPATH\Model.php(776): CodeIgniter\BaseModel->update(null, [...])
 5 APPPATH\Models\DocuModel.php(23): CodeIgniter\Model->update()
 6 APPPATH\Controllers\DocuController.php(151): App\Models\DocuModel->updateStatus('43')
 7 SYSTEMPATH\CodeIgniter.php(919): App\Controllers\DocuController->updateStatus()
 8 SYSTEMPATH\CodeIgniter.php(494): CodeIgniter\CodeIgniter->runController(Object(App\Controllers\DocuController))
 9 SYSTEMPATH\CodeIgniter.php(353): CodeIgniter\CodeIgniter->handleRequest(null, Object(Config\Cache), false)
10 FCPATH\index.php(87): CodeIgniter\CodeIgniter->run()
ERROR - 2023-12-11 05:32:56 --> mysqli_sql_exception: Unknown column 'ReceiverName' in 'field list' in D:\laragon\www\document-tracking\system\Database\MySQLi\Connection.php:306
Stack trace:
#0 D:\laragon\www\document-tracking\system\Database\MySQLi\Connection.php(306): mysqli->query('UPDATE `documen...', 0)
#1 D:\laragon\www\document-tracking\system\Database\BaseConnection.php(692): CodeIgniter\Database\MySQLi\Connection->execute('UPDATE `documen...')
#2 D:\laragon\www\document-tracking\system\Database\BaseConnection.php(606): CodeIgniter\Database\BaseConnection->simpleQuery('UPDATE `documen...')
#3 D:\laragon\www\document-tracking\system\Database\BaseBuilder.php(2475): CodeIgniter\Database\BaseConnection->query('UPDATE `documen...', Array, false)
#4 D:\laragon\www\document-tracking\system\Model.php(385): CodeIgniter\Database\BaseBuilder->update()
#5 D:\laragon\www\document-tracking\system\BaseModel.php(949): CodeIgniter\Model->doUpdate(NULL, Array)
#6 D:\laragon\www\document-tracking\system\Model.php(776): CodeIgniter\BaseModel->update(NULL, Array)
#7 D:\laragon\www\document-tracking\app\Models\DocuModel.php(23): CodeIgniter\Model->update()
#8 D:\laragon\www\document-tracking\app\Controllers\DocuController.php(151): App\Models\DocuModel->updateStatus('43')
#9 D:\laragon\www\document-tracking\system\CodeIgniter.php(919): App\Controllers\DocuController->updateStatus()
#10 D:\laragon\www\document-tracking\system\CodeIgniter.php(494): CodeIgniter\CodeIgniter->runController(Object(App\Controllers\DocuController))
#11 D:\laragon\www\document-tracking\system\CodeIgniter.php(353): CodeIgniter\CodeIgniter->handleRequest(NULL, Object(Config\Cache), false)
#12 D:\laragon\www\document-tracking\public\index.php(87): CodeIgniter\CodeIgniter->run()
#13 {main}
CRITICAL - 2023-12-11 05:32:56 --> Unknown column 'ReceiverName' in 'field list'
in SYSTEMPATH\Database\BaseConnection.php on line 646.
 1 SYSTEMPATH\Database\BaseBuilder.php(2475): CodeIgniter\Database\BaseConnection->query('UPDATE `documents` SET `Status` = :Status:
WHERE `DocumentID` = :DocumentID:', [...], false)
 2 SYSTEMPATH\Model.php(385): CodeIgniter\Database\BaseBuilder->update()
 3 SYSTEMPATH\BaseModel.php(949): CodeIgniter\Model->doUpdate(null, [...])
 4 SYSTEMPATH\Model.php(776): CodeIgniter\BaseModel->update(null, [...])
 5 APPPATH\Models\DocuModel.php(23): CodeIgniter\Model->update()
 6 APPPATH\Controllers\DocuController.php(151): App\Models\DocuModel->updateStatus('43')
 7 SYSTEMPATH\CodeIgniter.php(919): App\Controllers\DocuController->updateStatus()
 8 SYSTEMPATH\CodeIgniter.php(494): CodeIgniter\CodeIgniter->runController(Object(App\Controllers\DocuController))
 9 SYSTEMPATH\CodeIgniter.php(353): CodeIgniter\CodeIgniter->handleRequest(null, Object(Config\Cache), false)
10 FCPATH\index.php(87): CodeIgniter\CodeIgniter->run()
ERROR - 2023-12-11 05:39:51 --> mysqli_sql_exception: Unknown column 'ReceiverName' in 'field list' in D:\laragon\www\document-tracking\system\Database\MySQLi\Connection.php:306
Stack trace:
#0 D:\laragon\www\document-tracking\system\Database\MySQLi\Connection.php(306): mysqli->query('UPDATE `documen...', 0)
#1 D:\laragon\www\document-tracking\system\Database\BaseConnection.php(692): CodeIgniter\Database\MySQLi\Connection->execute('UPDATE `documen...')
#2 D:\laragon\www\document-tracking\system\Database\BaseConnection.php(606): CodeIgniter\Database\BaseConnection->simpleQuery('UPDATE `documen...')
#3 D:\laragon\www\document-tracking\system\Database\BaseBuilder.php(2475): CodeIgniter\Database\BaseConnection->query('UPDATE `documen...', Array, false)
#4 D:\laragon\www\document-tracking\system\Model.php(385): CodeIgniter\Database\BaseBuilder->update()
#5 D:\laragon\www\document-tracking\system\BaseModel.php(949): CodeIgniter\Model->doUpdate(NULL, Array)
#6 D:\laragon\www\document-tracking\system\Model.php(776): CodeIgniter\BaseModel->update(NULL, Array)
#7 D:\laragon\www\document-tracking\app\Models\DocuModel.php(23): CodeIgniter\Model->update()
#8 D:\laragon\www\document-tracking\app\Controllers\DocuController.php(152): App\Models\DocuModel->updateStatus('43')
#9 D:\laragon\www\document-tracking\system\CodeIgniter.php(919): App\Controllers\DocuController->updateStatus()
#10 D:\laragon\www\document-tracking\system\CodeIgniter.php(494): CodeIgniter\CodeIgniter->runController(Object(App\Controllers\DocuController))
#11 D:\laragon\www\document-tracking\system\CodeIgniter.php(353): CodeIgniter\CodeIgniter->handleRequest(NULL, Object(Config\Cache), false)
#12 D:\laragon\www\document-tracking\public\index.php(87): CodeIgniter\CodeIgniter->run()
#13 {main}
CRITICAL - 2023-12-11 05:39:51 --> Unknown column 'ReceiverName' in 'field list'
in SYSTEMPATH\Database\BaseConnection.php on line 646.
 1 SYSTEMPATH\Database\BaseBuilder.php(2475): CodeIgniter\Database\BaseConnection->query('UPDATE `documents` SET `Status` = :Status:
WHERE `DocumentID` = :DocumentID:', [...], false)
 2 SYSTEMPATH\Model.php(385): CodeIgniter\Database\BaseBuilder->update()
 3 SYSTEMPATH\BaseModel.php(949): CodeIgniter\Model->doUpdate(null, [...])
 4 SYSTEMPATH\Model.php(776): CodeIgniter\BaseModel->update(null, [...])
 5 APPPATH\Models\DocuModel.php(23): CodeIgniter\Model->update()
 6 APPPATH\Controllers\DocuController.php(152): App\Models\DocuModel->updateStatus('43')
 7 SYSTEMPATH\CodeIgniter.php(919): App\Controllers\DocuController->updateStatus()
 8 SYSTEMPATH\CodeIgniter.php(494): CodeIgniter\CodeIgniter->runController(Object(App\Controllers\DocuController))
 9 SYSTEMPATH\CodeIgniter.php(353): CodeIgniter\CodeIgniter->handleRequest(null, Object(Config\Cache), false)
10 FCPATH\index.php(87): CodeIgniter\CodeIgniter->run()
ERROR - 2023-12-11 05:46:28 --> Update Status Error: Call to undefined method App\Models\DocuModel::deleteFromPending File: D:\laragon\www\document-tracking\system\Model.php Line: 873
ERROR - 2023-12-11 05:46:28 --> Response Error: OK Code: 200
ERROR - 2023-12-11 05:47:46 --> Update Status Error: Call to undefined method App\Models\DocuModel::deleteFromPending File: D:\laragon\www\document-tracking\system\Model.php Line: 873
ERROR - 2023-12-11 05:47:46 --> Response Error: OK Code: 200
CRITICAL - 2023-12-11 06:15:42 --> Class "App\Controllers\PendingDocuModel" not found
in APPPATH\Controllers\DocuController.php on line 196.
 1 SYSTEMPATH\CodeIgniter.php(919): App\Controllers\DocuController->deleteFromPending()
 2 SYSTEMPATH\CodeIgniter.php(494): CodeIgniter\CodeIgniter->runController(Object(App\Controllers\DocuController))
 3 SYSTEMPATH\CodeIgniter.php(353): CodeIgniter\CodeIgniter->handleRequest(null, Object(Config\Cache), false)
 4 FCPATH\index.php(87): CodeIgniter\CodeIgniter->run()
ERROR - 2023-12-11 06:18:34 --> mysqli_sql_exception: Cannot delete or update a parent row: a foreign key constraint fails (`docutrack`.`pendingdocuments`, CONSTRAINT `pendingdocuments_ibfk_1` FOREIGN KEY (`DocumentID`) REFERENCES `documents` (`DocumentID`)) in D:\laragon\www\document-tracking\system\Database\MySQLi\Connection.php:306
Stack trace:
#0 D:\laragon\www\document-tracking\system\Database\MySQLi\Connection.php(306): mysqli->query('DELETE FROM `do...', 0)
#1 D:\laragon\www\document-tracking\system\Database\BaseConnection.php(692): CodeIgniter\Database\MySQLi\Connection->execute('DELETE FROM `do...')
#2 D:\laragon\www\document-tracking\system\Database\BaseConnection.php(606): CodeIgniter\Database\BaseConnection->simpleQuery('DELETE FROM `do...')
#3 D:\laragon\www\document-tracking\system\Database\BaseBuilder.php(2790): CodeIgniter\Database\BaseConnection->query('DELETE FROM `do...', Array, false)
#4 D:\laragon\www\document-tracking\system\Model.php(445): CodeIgniter\Database\BaseBuilder->delete()
#5 D:\laragon\www\document-tracking\system\BaseModel.php(1080): CodeIgniter\Model->doDelete(NULL, false)
#6 D:\laragon\www\document-tracking\app\Models\DocuModel.php(31): CodeIgniter\BaseModel->delete()
#7 D:\laragon\www\document-tracking\app\Controllers\DocuController.php(186): App\Models\DocuModel->deleteFromPending('43')
#8 D:\laragon\www\document-tracking\system\CodeIgniter.php(919): App\Controllers\DocuController->deleteFromPending()
#9 D:\laragon\www\document-tracking\system\CodeIgniter.php(494): CodeIgniter\CodeIgniter->runController(Object(App\Controllers\DocuController))
#10 D:\laragon\www\document-tracking\system\CodeIgniter.php(353): CodeIgniter\CodeIgniter->handleRequest(NULL, Object(Config\Cache), false)
#11 D:\laragon\www\document-tracking\public\index.php(87): CodeIgniter\CodeIgniter->run()
#12 {main}
CRITICAL - 2023-12-11 06:18:34 --> Cannot delete or update a parent row: a foreign key constraint fails (`docutrack`.`pendingdocuments`, CONSTRAINT `pendingdocuments_ibfk_1` FOREIGN KEY (`DocumentID`) REFERENCES `documents` (`DocumentID`))
in SYSTEMPATH\Database\BaseConnection.php on line 646.
 1 SYSTEMPATH\Database\BaseBuilder.php(2790): CodeIgniter\Database\BaseConnection->query('DELETE FROM `documents`
WHERE `DocumentID` = :DocumentID:', [...], false)
 2 SYSTEMPATH\Model.php(445): CodeIgniter\Database\BaseBuilder->delete()
 3 SYSTEMPATH\BaseModel.php(1080): CodeIgniter\Model->doDelete(null, false)
 4 APPPATH\Models\DocuModel.php(31): CodeIgniter\BaseModel->delete()
 5 APPPATH\Controllers\DocuController.php(186): App\Models\DocuModel->deleteFromPending('43')
 6 SYSTEMPATH\CodeIgniter.php(919): App\Controllers\DocuController->deleteFromPending()
 7 SYSTEMPATH\CodeIgniter.php(494): CodeIgniter\CodeIgniter->runController(Object(App\Controllers\DocuController))
 8 SYSTEMPATH\CodeIgniter.php(353): CodeIgniter\CodeIgniter->handleRequest(null, Object(Config\Cache), false)
 9 FCPATH\index.php(87): CodeIgniter\CodeIgniter->run()
ERROR - 2023-12-11 06:19:45 --> mysqli_sql_exception: Cannot delete or update a parent row: a foreign key constraint fails (`docutrack`.`pendingdocuments`, CONSTRAINT `pendingdocuments_ibfk_1` FOREIGN KEY (`DocumentID`) REFERENCES `documents` (`DocumentID`)) in D:\laragon\www\document-tracking\system\Database\MySQLi\Connection.php:306
Stack trace:
#0 D:\laragon\www\document-tracking\system\Database\MySQLi\Connection.php(306): mysqli->query('DELETE FROM `do...', 0)
#1 D:\laragon\www\document-tracking\system\Database\BaseConnection.php(692): CodeIgniter\Database\MySQLi\Connection->execute('DELETE FROM `do...')
#2 D:\laragon\www\document-tracking\system\Database\BaseConnection.php(606): CodeIgniter\Database\BaseConnection->simpleQuery('DELETE FROM `do...')
#3 D:\laragon\www\document-tracking\system\Database\BaseBuilder.php(2790): CodeIgniter\Database\BaseConnection->query('DELETE FROM `do...', Array, false)
#4 D:\laragon\www\document-tracking\system\Model.php(445): CodeIgniter\Database\BaseBuilder->delete()
#5 D:\laragon\www\document-tracking\system\BaseModel.php(1080): CodeIgniter\Model->doDelete(NULL, false)
#6 D:\laragon\www\document-tracking\app\Models\DocuModel.php(31): CodeIgniter\BaseModel->delete()
#7 D:\laragon\www\document-tracking\app\Controllers\DocuController.php(186): App\Models\DocuModel->deleteFromPending('43')
#8 D:\laragon\www\document-tracking\system\CodeIgniter.php(919): App\Controllers\DocuController->deleteFromPending()
#9 D:\laragon\www\document-tracking\system\CodeIgniter.php(494): CodeIgniter\CodeIgniter->runController(Object(App\Controllers\DocuController))
#10 D:\laragon\www\document-tracking\system\CodeIgniter.php(353): CodeIgniter\CodeIgniter->handleRequest(NULL, Object(Config\Cache), false)
#11 D:\laragon\www\document-tracking\public\index.php(87): CodeIgniter\CodeIgniter->run()
#12 {main}
CRITICAL - 2023-12-11 06:19:45 --> Cannot delete or update a parent row: a foreign key constraint fails (`docutrack`.`pendingdocuments`, CONSTRAINT `pendingdocuments_ibfk_1` FOREIGN KEY (`DocumentID`) REFERENCES `documents` (`DocumentID`))
in SYSTEMPATH\Database\BaseConnection.php on line 646.
 1 SYSTEMPATH\Database\BaseBuilder.php(2790): CodeIgniter\Database\BaseConnection->query('DELETE FROM `documents`
WHERE `DocumentID` = :DocumentID:', [...], false)
 2 SYSTEMPATH\Model.php(445): CodeIgniter\Database\BaseBuilder->delete()
 3 SYSTEMPATH\BaseModel.php(1080): CodeIgniter\Model->doDelete(null, false)
 4 APPPATH\Models\DocuModel.php(31): CodeIgniter\BaseModel->delete()
 5 APPPATH\Controllers\DocuController.php(186): App\Models\DocuModel->deleteFromPending('43')
 6 SYSTEMPATH\CodeIgniter.php(919): App\Controllers\DocuController->deleteFromPending()
 7 SYSTEMPATH\CodeIgniter.php(494): CodeIgniter\CodeIgniter->runController(Object(App\Controllers\DocuController))
 8 SYSTEMPATH\CodeIgniter.php(353): CodeIgniter\CodeIgniter->handleRequest(null, Object(Config\Cache), false)
 9 FCPATH\index.php(87): CodeIgniter\CodeIgniter->run()
ERROR - 2023-12-11 06:49:59 --> mysqli_sql_exception: Cannot delete or update a parent row: a foreign key constraint fails (`docutrack`.`pendingdocuments`, CONSTRAINT `pendingdocuments_ibfk_1` FOREIGN KEY (`DocumentID`) REFERENCES `documents` (`DocumentID`)) in D:\laragon\www\document-tracking\system\Database\MySQLi\Connection.php:306
Stack trace:
#0 D:\laragon\www\document-tracking\system\Database\MySQLi\Connection.php(306): mysqli->query('DELETE FROM `do...', 0)
#1 D:\laragon\www\document-tracking\system\Database\BaseConnection.php(692): CodeIgniter\Database\MySQLi\Connection->execute('DELETE FROM `do...')
#2 D:\laragon\www\document-tracking\system\Database\BaseConnection.php(606): CodeIgniter\Database\BaseConnection->simpleQuery('DELETE FROM `do...')
#3 D:\laragon\www\document-tracking\system\Database\BaseBuilder.php(2790): CodeIgniter\Database\BaseConnection->query('DELETE FROM `do...', Array, false)
#4 D:\laragon\www\document-tracking\system\Model.php(445): CodeIgniter\Database\BaseBuilder->delete()
#5 D:\laragon\www\document-tracking\system\BaseModel.php(1080): CodeIgniter\Model->doDelete(NULL, false)
#6 D:\laragon\www\document-tracking\app\Models\DocuModel.php(31): CodeIgniter\BaseModel->delete()
#7 D:\laragon\www\document-tracking\app\Controllers\DocuController.php(165): App\Models\DocuModel->deleteFromPending('44')
#8 D:\laragon\www\document-tracking\system\CodeIgniter.php(919): App\Controllers\DocuController->updateStatus()
#9 D:\laragon\www\document-tracking\system\CodeIgniter.php(494): CodeIgniter\CodeIgniter->runController(Object(App\Controllers\DocuController))
#10 D:\laragon\www\document-tracking\system\CodeIgniter.php(353): CodeIgniter\CodeIgniter->handleRequest(NULL, Object(Config\Cache), false)
#11 D:\laragon\www\document-tracking\public\index.php(87): CodeIgniter\CodeIgniter->run()
#12 {main}
CRITICAL - 2023-12-11 06:49:59 --> Cannot delete or update a parent row: a foreign key constraint fails (`docutrack`.`pendingdocuments`, CONSTRAINT `pendingdocuments_ibfk_1` FOREIGN KEY (`DocumentID`) REFERENCES `documents` (`DocumentID`))
in SYSTEMPATH\Database\BaseConnection.php on line 646.
 1 SYSTEMPATH\Database\BaseBuilder.php(2790): CodeIgniter\Database\BaseConnection->query('DELETE FROM `documents`
WHERE `DocumentID` = :DocumentID:', [...], false)
 2 SYSTEMPATH\Model.php(445): CodeIgniter\Database\BaseBuilder->delete()
 3 SYSTEMPATH\BaseModel.php(1080): CodeIgniter\Model->doDelete(null, false)
 4 APPPATH\Models\DocuModel.php(31): CodeIgniter\BaseModel->delete()
 5 APPPATH\Controllers\DocuController.php(165): App\Models\DocuModel->deleteFromPending('44')
 6 SYSTEMPATH\CodeIgniter.php(919): App\Controllers\DocuController->updateStatus()
 7 SYSTEMPATH\CodeIgniter.php(494): CodeIgniter\CodeIgniter->runController(Object(App\Controllers\DocuController))
 8 SYSTEMPATH\CodeIgniter.php(353): CodeIgniter\CodeIgniter->handleRequest(null, Object(Config\Cache), false)
 9 FCPATH\index.php(87): CodeIgniter\CodeIgniter->run()
ERROR - 2023-12-11 07:14:50 --> mysqli_sql_exception: Cannot delete or update a parent row: a foreign key constraint fails (`docutrack`.`pendingdocuments`, CONSTRAINT `pendingdocuments_ibfk_1` FOREIGN KEY (`DocumentID`) REFERENCES `documents` (`DocumentID`)) in D:\laragon\www\document-tracking\system\Database\MySQLi\Connection.php:306
Stack trace:
#0 D:\laragon\www\document-tracking\system\Database\MySQLi\Connection.php(306): mysqli->query('DELETE FROM `do...', 0)
#1 D:\laragon\www\document-tracking\system\Database\BaseConnection.php(692): CodeIgniter\Database\MySQLi\Connection->execute('DELETE FROM `do...')
#2 D:\laragon\www\document-tracking\system\Database\BaseConnection.php(606): CodeIgniter\Database\BaseConnection->simpleQuery('DELETE FROM `do...')
#3 D:\laragon\www\document-tracking\system\Database\BaseBuilder.php(2790): CodeIgniter\Database\BaseConnection->query('DELETE FROM `do...', Array, false)
#4 D:\laragon\www\document-tracking\system\Model.php(445): CodeIgniter\Database\BaseBuilder->delete()
#5 D:\laragon\www\document-tracking\system\BaseModel.php(1080): CodeIgniter\Model->doDelete(NULL, false)
#6 D:\laragon\www\document-tracking\app\Models\DocuModel.php(31): CodeIgniter\BaseModel->delete()
#7 D:\laragon\www\document-tracking\app\Controllers\DocuController.php(168): App\Models\DocuModel->deleteFromPending('45')
#8 D:\laragon\www\document-tracking\system\CodeIgniter.php(919): App\Controllers\DocuController->updateStatus()
#9 D:\laragon\www\document-tracking\system\CodeIgniter.php(494): CodeIgniter\CodeIgniter->runController(Object(App\Controllers\DocuController))
#10 D:\laragon\www\document-tracking\system\CodeIgniter.php(353): CodeIgniter\CodeIgniter->handleRequest(NULL, Object(Config\Cache), false)
#11 D:\laragon\www\document-tracking\public\index.php(87): CodeIgniter\CodeIgniter->run()
#12 {main}
CRITICAL - 2023-12-11 07:14:50 --> Cannot delete or update a parent row: a foreign key constraint fails (`docutrack`.`pendingdocuments`, CONSTRAINT `pendingdocuments_ibfk_1` FOREIGN KEY (`DocumentID`) REFERENCES `documents` (`DocumentID`))
in SYSTEMPATH\Database\BaseConnection.php on line 646.
 1 SYSTEMPATH\Database\BaseBuilder.php(2790): CodeIgniter\Database\BaseConnection->query('DELETE FROM `documents`
WHERE `DocumentID` = :DocumentID:', [...], false)
 2 SYSTEMPATH\Model.php(445): CodeIgniter\Database\BaseBuilder->delete()
 3 SYSTEMPATH\BaseModel.php(1080): CodeIgniter\Model->doDelete(null, false)
 4 APPPATH\Models\DocuModel.php(31): CodeIgniter\BaseModel->delete()
 5 APPPATH\Controllers\DocuController.php(168): App\Models\DocuModel->deleteFromPending('45')
 6 SYSTEMPATH\CodeIgniter.php(919): App\Controllers\DocuController->updateStatus()
 7 SYSTEMPATH\CodeIgniter.php(494): CodeIgniter\CodeIgniter->runController(Object(App\Controllers\DocuController))
 8 SYSTEMPATH\CodeIgniter.php(353): CodeIgniter\CodeIgniter->handleRequest(null, Object(Config\Cache), false)
 9 FCPATH\index.php(87): CodeIgniter\CodeIgniter->run()
ERROR - 2023-12-11 07:45:30 --> mysqli_sql_exception: Cannot delete or update a parent row: a foreign key constraint fails (`docutrack`.`pendingdocuments`, CONSTRAINT `pendingdocuments_ibfk_1` FOREIGN KEY (`DocumentID`) REFERENCES `documents` (`DocumentID`)) in D:\laragon\www\document-tracking\system\Database\MySQLi\Connection.php:306
Stack trace:
#0 D:\laragon\www\document-tracking\system\Database\MySQLi\Connection.php(306): mysqli->query('DELETE FROM `do...', 0)
#1 D:\laragon\www\document-tracking\system\Database\BaseConnection.php(692): CodeIgniter\Database\MySQLi\Connection->execute('DELETE FROM `do...')
#2 D:\laragon\www\document-tracking\system\Database\BaseConnection.php(606): CodeIgniter\Database\BaseConnection->simpleQuery('DELETE FROM `do...')
#3 D:\laragon\www\document-tracking\system\Database\BaseBuilder.php(2790): CodeIgniter\Database\BaseConnection->query('DELETE FROM `do...', Array, false)
#4 D:\laragon\www\document-tracking\system\Model.php(445): CodeIgniter\Database\BaseBuilder->delete()
#5 D:\laragon\www\document-tracking\system\BaseModel.php(1080): CodeIgniter\Model->doDelete(NULL, false)
#6 D:\laragon\www\document-tracking\app\Models\DocuModel.php(30): CodeIgniter\BaseModel->delete()
#7 D:\laragon\www\document-tracking\app\Controllers\DocuController.php(167): App\Models\DocuModel->deleteFromPending('46')
#8 D:\laragon\www\document-tracking\system\CodeIgniter.php(919): App\Controllers\DocuController->updateStatus()
#9 D:\laragon\www\document-tracking\system\CodeIgniter.php(494): CodeIgniter\CodeIgniter->runController(Object(App\Controllers\DocuController))
#10 D:\laragon\www\document-tracking\system\CodeIgniter.php(353): CodeIgniter\CodeIgniter->handleRequest(NULL, Object(Config\Cache), false)
#11 D:\laragon\www\document-tracking\public\index.php(87): CodeIgniter\CodeIgniter->run()
#12 {main}
CRITICAL - 2023-12-11 07:45:30 --> Cannot delete or update a parent row: a foreign key constraint fails (`docutrack`.`pendingdocuments`, CONSTRAINT `pendingdocuments_ibfk_1` FOREIGN KEY (`DocumentID`) REFERENCES `documents` (`DocumentID`))
in SYSTEMPATH\Database\BaseConnection.php on line 646.
 1 SYSTEMPATH\Database\BaseBuilder.php(2790): CodeIgniter\Database\BaseConnection->query('DELETE FROM `documents`
WHERE `DocumentID` = :DocumentID:', [...], false)
 2 SYSTEMPATH\Model.php(445): CodeIgniter\Database\BaseBuilder->delete()
 3 SYSTEMPATH\BaseModel.php(1080): CodeIgniter\Model->doDelete(null, false)
 4 APPPATH\Models\DocuModel.php(30): CodeIgniter\BaseModel->delete()
 5 APPPATH\Controllers\DocuController.php(167): App\Models\DocuModel->deleteFromPending('46')
 6 SYSTEMPATH\CodeIgniter.php(919): App\Controllers\DocuController->updateStatus()
 7 SYSTEMPATH\CodeIgniter.php(494): CodeIgniter\CodeIgniter->runController(Object(App\Controllers\DocuController))
 8 SYSTEMPATH\CodeIgniter.php(353): CodeIgniter\CodeIgniter->handleRequest(null, Object(Config\Cache), false)
 9 FCPATH\index.php(87): CodeIgniter\CodeIgniter->run()
ERROR - 2023-12-11 08:01:38 --> Update Status Error: Undefined property: App\Controllers\DocuController::$db File: D:\laragon\www\document-tracking\app\Controllers\DocuController.php Line: 168
ERROR - 2023-12-11 08:01:38 --> Response Error: OK Code: 200
ERROR - 2023-12-11 08:07:12 --> Update Status Error: Undefined property: App\Controllers\DocuController::$db File: D:\laragon\www\document-tracking\app\Controllers\DocuController.php Line: 168
ERROR - 2023-12-11 08:07:12 --> Response Error: OK Code: 200
ERROR - 2023-12-11 08:20:10 --> Update Status Error: Undefined property: App\Controllers\DocuController::$db File: D:\laragon\www\document-tracking\app\Controllers\DocuController.php Line: 168
ERROR - 2023-12-11 08:20:10 --> Response Error: OK Code: 200
ERROR - 2023-12-11 08:20:46 --> Update Status Error: Undefined property: App\Controllers\DocuController::$db File: D:\laragon\www\document-tracking\app\Controllers\DocuController.php Line: 168
ERROR - 2023-12-11 08:20:46 --> Response Error: OK Code: 200
ERROR - 2023-12-11 08:47:19 --> Update Status Error: Undefined property: App\Controllers\DocuController::$db File: D:\laragon\www\document-tracking\app\Controllers\DocuController.php Line: 175
ERROR - 2023-12-11 08:47:19 --> Response Error: OK Code: 200
ERROR - 2023-12-11 10:21:36 --> Update Status Error: Undefined property: App\Controllers\DocuController::$db File: D:\laragon\www\document-tracking\app\Controllers\DocuController.php Line: 175
ERROR - 2023-12-11 10:21:36 --> Response Error: OK Code: 200
CRITICAL - 2023-12-11 11:34:32 --> Unclosed '{' on line 15
in APPPATH\Controllers\DocuController.php on line 200.
 1 SYSTEMPATH\Autoloader\Autoloader.php(285): CodeIgniter\Autoloader\Autoloader->includeFile('D:\\laragon\\www\\document-tracking\\app\\Controllers\\DocuController.php')
 2 SYSTEMPATH\Autoloader\Autoloader.php(263): CodeIgniter\Autoloader\Autoloader->loadInNamespace('App\\Controllers\\DocuController')
 3 [internal function]: CodeIgniter\Autoloader\Autoloader->loadClass('App\\Controllers\\DocuController')
 4 SYSTEMPATH\CodeIgniter.php(877): class_exists('\\App\\Controllers\\DocuController', true)
 5 SYSTEMPATH\CodeIgniter.php(481): CodeIgniter\CodeIgniter->startController()
 6 SYSTEMPATH\CodeIgniter.php(353): CodeIgniter\CodeIgniter->handleRequest(null, Object(Config\Cache), false)
 7 FCPATH\index.php(87): CodeIgniter\CodeIgniter->run()
CRITICAL - 2023-12-11 11:34:34 --> Unclosed '{' on line 15
in APPPATH\Controllers\DocuController.php on line 200.
 1 SYSTEMPATH\Autoloader\Autoloader.php(285): CodeIgniter\Autoloader\Autoloader->includeFile('D:\\laragon\\www\\document-tracking\\app\\Controllers\\DocuController.php')
 2 SYSTEMPATH\Autoloader\Autoloader.php(263): CodeIgniter\Autoloader\Autoloader->loadInNamespace('App\\Controllers\\DocuController')
 3 [internal function]: CodeIgniter\Autoloader\Autoloader->loadClass('App\\Controllers\\DocuController')
 4 SYSTEMPATH\CodeIgniter.php(877): class_exists('\\App\\Controllers\\DocuController', true)
 5 SYSTEMPATH\CodeIgniter.php(481): CodeIgniter\CodeIgniter->startController()
 6 SYSTEMPATH\CodeIgniter.php(353): CodeIgniter\CodeIgniter->handleRequest(null, Object(Config\Cache), false)
 7 FCPATH\index.php(87): CodeIgniter\CodeIgniter->run()
CRITICAL - 2023-12-11 11:34:38 --> Unclosed '{' on line 15
in APPPATH\Controllers\DocuController.php on line 200.
 1 SYSTEMPATH\Autoloader\Autoloader.php(285): CodeIgniter\Autoloader\Autoloader->includeFile('D:\\laragon\\www\\document-tracking\\app\\Controllers\\DocuController.php')
 2 SYSTEMPATH\Autoloader\Autoloader.php(263): CodeIgniter\Autoloader\Autoloader->loadInNamespace('App\\Controllers\\DocuController')
 3 [internal function]: CodeIgniter\Autoloader\Autoloader->loadClass('App\\Controllers\\DocuController')
 4 SYSTEMPATH\CodeIgniter.php(877): class_exists('\\App\\Controllers\\DocuController', true)
 5 SYSTEMPATH\CodeIgniter.php(481): CodeIgniter\CodeIgniter->startController()
 6 SYSTEMPATH\CodeIgniter.php(353): CodeIgniter\CodeIgniter->handleRequest(null, Object(Config\Cache), false)
 7 FCPATH\index.php(87): CodeIgniter\CodeIgniter->run()
CRITICAL - 2023-12-11 11:34:39 --> Unclosed '{' on line 15
in APPPATH\Controllers\DocuController.php on line 200.
 1 SYSTEMPATH\Autoloader\Autoloader.php(285): CodeIgniter\Autoloader\Autoloader->includeFile('D:\\laragon\\www\\document-tracking\\app\\Controllers\\DocuController.php')
 2 SYSTEMPATH\Autoloader\Autoloader.php(263): CodeIgniter\Autoloader\Autoloader->loadInNamespace('App\\Controllers\\DocuController')
 3 [internal function]: CodeIgniter\Autoloader\Autoloader->loadClass('App\\Controllers\\DocuController')
 4 SYSTEMPATH\CodeIgniter.php(877): class_exists('\\App\\Controllers\\DocuController', true)
 5 SYSTEMPATH\CodeIgniter.php(481): CodeIgniter\CodeIgniter->startController()
 6 SYSTEMPATH\CodeIgniter.php(353): CodeIgniter\CodeIgniter->handleRequest(null, Object(Config\Cache), false)
 7 FCPATH\index.php(87): CodeIgniter\CodeIgniter->run()
CRITICAL - 2023-12-11 11:34:40 --> Unclosed '{' on line 15
in APPPATH\Controllers\DocuController.php on line 200.
 1 SYSTEMPATH\Autoloader\Autoloader.php(285): CodeIgniter\Autoloader\Autoloader->includeFile('D:\\laragon\\www\\document-tracking\\app\\Controllers\\DocuController.php')
 2 SYSTEMPATH\Autoloader\Autoloader.php(263): CodeIgniter\Autoloader\Autoloader->loadInNamespace('App\\Controllers\\DocuController')
 3 [internal function]: CodeIgniter\Autoloader\Autoloader->loadClass('App\\Controllers\\DocuController')
 4 SYSTEMPATH\CodeIgniter.php(877): class_exists('\\App\\Controllers\\DocuController', true)
 5 SYSTEMPATH\CodeIgniter.php(481): CodeIgniter\CodeIgniter->startController()
 6 SYSTEMPATH\CodeIgniter.php(353): CodeIgniter\CodeIgniter->handleRequest(null, Object(Config\Cache), false)
 7 FCPATH\index.php(87): CodeIgniter\CodeIgniter->run()
CRITICAL - 2023-12-11 11:34:41 --> Unclosed '{' on line 15
in APPPATH\Controllers\DocuController.php on line 200.
 1 SYSTEMPATH\Autoloader\Autoloader.php(285): CodeIgniter\Autoloader\Autoloader->includeFile('D:\\laragon\\www\\document-tracking\\app\\Controllers\\DocuController.php')
 2 SYSTEMPATH\Autoloader\Autoloader.php(263): CodeIgniter\Autoloader\Autoloader->loadInNamespace('App\\Controllers\\DocuController')
 3 [internal function]: CodeIgniter\Autoloader\Autoloader->loadClass('App\\Controllers\\DocuController')
 4 SYSTEMPATH\CodeIgniter.php(877): class_exists('\\App\\Controllers\\DocuController', true)
 5 SYSTEMPATH\CodeIgniter.php(481): CodeIgniter\CodeIgniter->startController()
 6 SYSTEMPATH\CodeIgniter.php(353): CodeIgniter\CodeIgniter->handleRequest(null, Object(Config\Cache), false)
 7 FCPATH\index.php(87): CodeIgniter\CodeIgniter->run()
CRITICAL - 2023-12-11 11:34:55 --> Unclosed '{' on line 15
in APPPATH\Controllers\DocuController.php on line 200.
 1 SYSTEMPATH\Autoloader\Autoloader.php(285): CodeIgniter\Autoloader\Autoloader->includeFile('D:\\laragon\\www\\document-tracking\\app\\Controllers\\DocuController.php')
 2 SYSTEMPATH\Autoloader\Autoloader.php(263): CodeIgniter\Autoloader\Autoloader->loadInNamespace('App\\Controllers\\DocuController')
 3 [internal function]: CodeIgniter\Autoloader\Autoloader->loadClass('App\\Controllers\\DocuController')
 4 SYSTEMPATH\CodeIgniter.php(877): class_exists('\\App\\Controllers\\DocuController', true)
 5 SYSTEMPATH\CodeIgniter.php(481): CodeIgniter\CodeIgniter->startController()
 6 SYSTEMPATH\CodeIgniter.php(353): CodeIgniter\CodeIgniter->handleRequest(null, Object(Config\Cache), false)
 7 FCPATH\index.php(87): CodeIgniter\CodeIgniter->run()
CRITICAL - 2023-12-11 11:35:15 --> Unclosed '{' on line 15
in APPPATH\Controllers\DocuController.php on line 200.
 1 SYSTEMPATH\Autoloader\Autoloader.php(285): CodeIgniter\Autoloader\Autoloader->includeFile('D:\\laragon\\www\\document-tracking\\app\\Controllers\\DocuController.php')
 2 SYSTEMPATH\Autoloader\Autoloader.php(263): CodeIgniter\Autoloader\Autoloader->loadInNamespace('App\\Controllers\\DocuController')
 3 [internal function]: CodeIgniter\Autoloader\Autoloader->loadClass('App\\Controllers\\DocuController')
 4 SYSTEMPATH\CodeIgniter.php(877): class_exists('\\App\\Controllers\\DocuController', true)
 5 SYSTEMPATH\CodeIgniter.php(481): CodeIgniter\CodeIgniter->startController()
 6 SYSTEMPATH\CodeIgniter.php(353): CodeIgniter\CodeIgniter->handleRequest(null, Object(Config\Cache), false)
 7 FCPATH\index.php(87): CodeIgniter\CodeIgniter->run()
